{"C:\\Users\\asus\\Desktop\\BackEnd-stackoverflow\\controllers\\answerController.js": {"path":"C:\\Users\\asus\\Desktop\\BackEnd-stackoverflow\\controllers\\answerController.js","statementMap":{"0":{"start":{"line":1,"column":22},"end":{"line":1,"column":58}},"1":{"start":{"line":2,"column":24},"end":{"line":2,"column":62}},"2":{"start":{"line":4,"column":0},"end":{"line":21,"column":2}},"3":{"start":{"line":5,"column":4},"end":{"line":20,"column":5}},"4":{"start":{"line":6,"column":38},"end":{"line":6,"column":46}},"5":{"start":{"line":7,"column":22},"end":{"line":7,"column":44}},"6":{"start":{"line":9,"column":23},"end":{"line":14,"column":10}},"7":{"start":{"line":16,"column":8},"end":{"line":16,"column":62}},"8":{"start":{"line":17,"column":8},"end":{"line":17,"column":37}},"9":{"start":{"line":19,"column":8},"end":{"line":19,"column":18}},"10":{"start":{"line":23,"column":0},"end":{"line":30,"column":2}},"11":{"start":{"line":24,"column":4},"end":{"line":29,"column":5}},"12":{"start":{"line":25,"column":24},"end":{"line":25,"column":87}},"13":{"start":{"line":26,"column":8},"end":{"line":26,"column":26}},"14":{"start":{"line":28,"column":8},"end":{"line":28,"column":18}},"15":{"start":{"line":32,"column":0},"end":{"line":41,"column":2}},"16":{"start":{"line":33,"column":4},"end":{"line":40,"column":5}},"17":{"start":{"line":34,"column":23},"end":{"line":34,"column":74}},"18":{"start":{"line":35,"column":8},"end":{"line":35,"column":82}},"19":{"start":{"line":35,"column":21},"end":{"line":35,"column":82}},"20":{"start":{"line":37,"column":8},"end":{"line":37,"column":69}},"21":{"start":{"line":39,"column":8},"end":{"line":39,"column":18}},"22":{"start":{"line":43,"column":0},"end":{"line":50,"column":2}},"23":{"start":{"line":44,"column":4},"end":{"line":49,"column":5}},"24":{"start":{"line":45,"column":23},"end":{"line":45,"column":82}},"25":{"start":{"line":46,"column":8},"end":{"line":46,"column":25}},"26":{"start":{"line":48,"column":8},"end":{"line":48,"column":18}},"27":{"start":{"line":52,"column":0},"end":{"line":59,"column":2}},"28":{"start":{"line":53,"column":4},"end":{"line":58,"column":5}},"29":{"start":{"line":54,"column":22},"end":{"line":54,"column":71}},"30":{"start":{"line":55,"column":8},"end":{"line":55,"column":24}},"31":{"start":{"line":57,"column":8},"end":{"line":57,"column":18}},"32":{"start":{"line":61,"column":0},"end":{"line":78,"column":2}},"33":{"start":{"line":62,"column":4},"end":{"line":77,"column":5}},"34":{"start":{"line":63,"column":24},"end":{"line":67,"column":9}},"35":{"start":{"line":68,"column":8},"end":{"line":68,"column":26}},"36":{"start":{"line":70,"column":8},"end":{"line":72,"column":9}},"37":{"start":{"line":71,"column":12},"end":{"line":71,"column":73}},"38":{"start":{"line":73,"column":8},"end":{"line":75,"column":9}},"39":{"start":{"line":74,"column":12},"end":{"line":74,"column":74}},"40":{"start":{"line":76,"column":8},"end":{"line":76,"column":18}},"41":{"start":{"line":80,"column":0},"end":{"line":87,"column":2}},"42":{"start":{"line":81,"column":4},"end":{"line":86,"column":5}},"43":{"start":{"line":82,"column":24},"end":{"line":82,"column":59}},"44":{"start":{"line":83,"column":8},"end":{"line":83,"column":26}},"45":{"start":{"line":85,"column":8},"end":{"line":85,"column":18}}},"fnMap":{"0":{"name":"(anonymous_0)","decl":{"start":{"line":4,"column":23},"end":{"line":4,"column":24}},"loc":{"start":{"line":4,"column":49},"end":{"line":21,"column":1}},"line":4},"1":{"name":"(anonymous_1)","decl":{"start":{"line":23,"column":31},"end":{"line":23,"column":32}},"loc":{"start":{"line":23,"column":57},"end":{"line":30,"column":1}},"line":23},"2":{"name":"(anonymous_2)","decl":{"start":{"line":32,"column":23},"end":{"line":32,"column":24}},"loc":{"start":{"line":32,"column":49},"end":{"line":41,"column":1}},"line":32},"3":{"name":"(anonymous_3)","decl":{"start":{"line":43,"column":21},"end":{"line":43,"column":22}},"loc":{"start":{"line":43,"column":47},"end":{"line":50,"column":1}},"line":43},"4":{"name":"(anonymous_4)","decl":{"start":{"line":52,"column":25},"end":{"line":52,"column":26}},"loc":{"start":{"line":52,"column":51},"end":{"line":59,"column":1}},"line":52},"5":{"name":"(anonymous_5)","decl":{"start":{"line":61,"column":23},"end":{"line":61,"column":24}},"loc":{"start":{"line":61,"column":49},"end":{"line":78,"column":1}},"line":61},"6":{"name":"(anonymous_6)","decl":{"start":{"line":80,"column":24},"end":{"line":80,"column":25}},"loc":{"start":{"line":80,"column":50},"end":{"line":87,"column":1}},"line":80}},"branchMap":{"0":{"loc":{"start":{"line":7,"column":22},"end":{"line":7,"column":44}},"type":"binary-expr","locations":[{"start":{"line":7,"column":22},"end":{"line":7,"column":36}},{"start":{"line":7,"column":40},"end":{"line":7,"column":44}}],"line":7},"1":{"loc":{"start":{"line":35,"column":8},"end":{"line":35,"column":82}},"type":"if","locations":[{"start":{"line":35,"column":8},"end":{"line":35,"column":82}},{"start":{},"end":{}}],"line":35},"2":{"loc":{"start":{"line":70,"column":8},"end":{"line":72,"column":9}},"type":"if","locations":[{"start":{"line":70,"column":8},"end":{"line":72,"column":9}},{"start":{},"end":{}}],"line":70},"3":{"loc":{"start":{"line":73,"column":8},"end":{"line":75,"column":9}},"type":"if","locations":[{"start":{"line":73,"column":8},"end":{"line":75,"column":9}},{"start":{},"end":{}}],"line":73}},"s":{"0":0,"1":0,"2":0,"3":0,"4":0,"5":0,"6":0,"7":0,"8":0,"9":0,"10":0,"11":0,"12":0,"13":0,"14":0,"15":0,"16":0,"17":0,"18":0,"19":0,"20":0,"21":0,"22":0,"23":0,"24":0,"25":0,"26":0,"27":0,"28":0,"29":0,"30":0,"31":0,"32":0,"33":0,"34":0,"35":0,"36":0,"37":0,"38":0,"39":0,"40":0,"41":0,"42":0,"43":0,"44":0,"45":0},"f":{"0":0,"1":0,"2":0,"3":0,"4":0,"5":0,"6":0},"b":{"0":[0,0],"1":[0,0],"2":[0,0],"3":[0,0]}}
,"C:\\Users\\asus\\Desktop\\BackEnd-stackoverflow\\controllers\\authController.js": {"path":"C:\\Users\\asus\\Desktop\\BackEnd-stackoverflow\\controllers\\authController.js","statementMap":{"0":{"start":{"line":1,"column":20},"end":{"line":1,"column":54}},"1":{"start":{"line":3,"column":0},"end":{"line":20,"column":2}},"2":{"start":{"line":4,"column":4},"end":{"line":19,"column":5}},"3":{"start":{"line":5,"column":46},"end":{"line":5,"column":54}},"4":{"start":{"line":8,"column":8},"end":{"line":10,"column":9}},"5":{"start":{"line":9,"column":12},"end":{"line":9,"column":80}},"6":{"start":{"line":13,"column":8},"end":{"line":13,"column":66}},"7":{"start":{"line":16,"column":8},"end":{"line":16,"column":81}},"8":{"start":{"line":18,"column":8},"end":{"line":18,"column":18}},"9":{"start":{"line":22,"column":0},"end":{"line":47,"column":2}},"10":{"start":{"line":23,"column":4},"end":{"line":46,"column":5}},"11":{"start":{"line":24,"column":36},"end":{"line":24,"column":44}},"12":{"start":{"line":27,"column":8},"end":{"line":29,"column":9}},"13":{"start":{"line":28,"column":12},"end":{"line":28,"column":80}},"14":{"start":{"line":32,"column":46},"end":{"line":32,"column":90}},"15":{"start":{"line":35,"column":8},"end":{"line":40,"column":11}},"16":{"start":{"line":43,"column":8},"end":{"line":43,"column":41}},"17":{"start":{"line":45,"column":8},"end":{"line":45,"column":18}},"18":{"start":{"line":49,"column":0},"end":{"line":66,"column":2}},"19":{"start":{"line":50,"column":18},"end":{"line":50,"column":43}},"20":{"start":{"line":53,"column":4},"end":{"line":55,"column":5}},"21":{"start":{"line":54,"column":8},"end":{"line":54,"column":78}},"22":{"start":{"line":57,"column":4},"end":{"line":65,"column":5}},"23":{"start":{"line":59,"column":31},"end":{"line":59,"column":68}},"24":{"start":{"line":62,"column":8},"end":{"line":62,"column":57}},"25":{"start":{"line":64,"column":8},"end":{"line":64,"column":18}}},"fnMap":{"0":{"name":"(anonymous_0)","decl":{"start":{"line":3,"column":19},"end":{"line":3,"column":20}},"loc":{"start":{"line":3,"column":45},"end":{"line":20,"column":1}},"line":3},"1":{"name":"(anonymous_1)","decl":{"start":{"line":22,"column":16},"end":{"line":22,"column":17}},"loc":{"start":{"line":22,"column":42},"end":{"line":47,"column":1}},"line":22},"2":{"name":"(anonymous_2)","decl":{"start":{"line":49,"column":29},"end":{"line":49,"column":30}},"loc":{"start":{"line":49,"column":55},"end":{"line":66,"column":1}},"line":49}},"branchMap":{"0":{"loc":{"start":{"line":8,"column":8},"end":{"line":10,"column":9}},"type":"if","locations":[{"start":{"line":8,"column":8},"end":{"line":10,"column":9}},{"start":{},"end":{}}],"line":8},"1":{"loc":{"start":{"line":8,"column":12},"end":{"line":8,"column":44}},"type":"binary-expr","locations":[{"start":{"line":8,"column":12},"end":{"line":8,"column":21}},{"start":{"line":8,"column":25},"end":{"line":8,"column":31}},{"start":{"line":8,"column":35},"end":{"line":8,"column":44}}],"line":8},"2":{"loc":{"start":{"line":27,"column":8},"end":{"line":29,"column":9}},"type":"if","locations":[{"start":{"line":27,"column":8},"end":{"line":29,"column":9}},{"start":{},"end":{}}],"line":27},"3":{"loc":{"start":{"line":27,"column":12},"end":{"line":27,"column":31}},"type":"binary-expr","locations":[{"start":{"line":27,"column":12},"end":{"line":27,"column":18}},{"start":{"line":27,"column":22},"end":{"line":27,"column":31}}],"line":27},"4":{"loc":{"start":{"line":53,"column":4},"end":{"line":55,"column":5}},"type":"if","locations":[{"start":{"line":53,"column":4},"end":{"line":55,"column":5}},{"start":{},"end":{}}],"line":53}},"s":{"0":2,"1":2,"2":4,"3":4,"4":4,"5":2,"6":2,"7":2,"8":0,"9":2,"10":4,"11":4,"12":4,"13":2,"14":2,"15":2,"16":2,"17":0,"18":2,"19":3,"20":3,"21":2,"22":1,"23":1,"24":1,"25":0},"f":{"0":4,"1":4,"2":3},"b":{"0":[2,2],"1":[4,2,2],"2":[2,2],"3":[4,2],"4":[2,1]},"_coverageSchema":"1a1c01bbd47fc00a2c39e90264f33305004495a9","hash":"96e9d6e6cb20ad3fcf5f56d34da69675252b930e"}
,"C:\\Users\\asus\\Desktop\\BackEnd-stackoverflow\\controllers\\commentController.js": {"path":"C:\\Users\\asus\\Desktop\\BackEnd-stackoverflow\\controllers\\commentController.js","statementMap":{"0":{"start":{"line":1,"column":23},"end":{"line":1,"column":60}},"1":{"start":{"line":2,"column":15},"end":{"line":2,"column":42}},"2":{"start":{"line":3,"column":16},"end":{"line":3,"column":44}},"3":{"start":{"line":5,"column":0},"end":{"line":26,"column":2}},"4":{"start":{"line":6,"column":4},"end":{"line":25,"column":5}},"5":{"start":{"line":7,"column":51},"end":{"line":7,"column":59}},"6":{"start":{"line":8,"column":22},"end":{"line":8,"column":44}},"7":{"start":{"line":10,"column":24},"end":{"line":16,"column":10}},"8":{"start":{"line":18,"column":8},"end":{"line":20,"column":9}},"9":{"start":{"line":19,"column":12},"end":{"line":19,"column":83}},"10":{"start":{"line":22,"column":8},"end":{"line":22,"column":38}},"11":{"start":{"line":24,"column":8},"end":{"line":24,"column":18}},"12":{"start":{"line":28,"column":0},"end":{"line":35,"column":2}},"13":{"start":{"line":29,"column":4},"end":{"line":34,"column":5}},"14":{"start":{"line":30,"column":25},"end":{"line":30,"column":86}},"15":{"start":{"line":31,"column":8},"end":{"line":31,"column":27}},"16":{"start":{"line":33,"column":8},"end":{"line":33,"column":18}},"17":{"start":{"line":37,"column":0},"end":{"line":54,"column":2}},"18":{"start":{"line":38,"column":4},"end":{"line":53,"column":5}},"19":{"start":{"line":39,"column":26},"end":{"line":39,"column":39}},"20":{"start":{"line":41,"column":24},"end":{"line":41,"column":57}},"21":{"start":{"line":42,"column":8},"end":{"line":42,"column":84}},"22":{"start":{"line":42,"column":22},"end":{"line":42,"column":84}},"23":{"start":{"line":45,"column":8},"end":{"line":45,"column":65}},"24":{"start":{"line":47,"column":8},"end":{"line":47,"column":71}},"25":{"start":{"line":50,"column":8},"end":{"line":50,"column":62}},"26":{"start":{"line":52,"column":8},"end":{"line":52,"column":18}},"27":{"start":{"line":56,"column":0},"end":{"line":63,"column":2}},"28":{"start":{"line":57,"column":4},"end":{"line":62,"column":5}},"29":{"start":{"line":58,"column":23},"end":{"line":58,"column":83}},"30":{"start":{"line":59,"column":8},"end":{"line":59,"column":25}},"31":{"start":{"line":61,"column":8},"end":{"line":61,"column":18}},"32":{"start":{"line":65,"column":0},"end":{"line":72,"column":2}},"33":{"start":{"line":66,"column":4},"end":{"line":71,"column":5}},"34":{"start":{"line":67,"column":22},"end":{"line":67,"column":72}},"35":{"start":{"line":68,"column":8},"end":{"line":68,"column":24}},"36":{"start":{"line":70,"column":8},"end":{"line":70,"column":18}},"37":{"start":{"line":74,"column":0},"end":{"line":81,"column":2}},"38":{"start":{"line":75,"column":4},"end":{"line":80,"column":5}},"39":{"start":{"line":76,"column":25},"end":{"line":76,"column":62}},"40":{"start":{"line":77,"column":8},"end":{"line":77,"column":27}},"41":{"start":{"line":79,"column":8},"end":{"line":79,"column":18}}},"fnMap":{"0":{"name":"(anonymous_0)","decl":{"start":{"line":5,"column":24},"end":{"line":5,"column":25}},"loc":{"start":{"line":5,"column":50},"end":{"line":26,"column":1}},"line":5},"1":{"name":"(anonymous_1)","decl":{"start":{"line":28,"column":30},"end":{"line":28,"column":31}},"loc":{"start":{"line":28,"column":56},"end":{"line":35,"column":1}},"line":28},"2":{"name":"(anonymous_2)","decl":{"start":{"line":37,"column":24},"end":{"line":37,"column":25}},"loc":{"start":{"line":37,"column":50},"end":{"line":54,"column":1}},"line":37},"3":{"name":"(anonymous_3)","decl":{"start":{"line":56,"column":21},"end":{"line":56,"column":22}},"loc":{"start":{"line":56,"column":47},"end":{"line":63,"column":1}},"line":56},"4":{"name":"(anonymous_4)","decl":{"start":{"line":65,"column":25},"end":{"line":65,"column":26}},"loc":{"start":{"line":65,"column":51},"end":{"line":72,"column":1}},"line":65},"5":{"name":"(anonymous_5)","decl":{"start":{"line":74,"column":25},"end":{"line":74,"column":26}},"loc":{"start":{"line":74,"column":51},"end":{"line":81,"column":1}},"line":74}},"branchMap":{"0":{"loc":{"start":{"line":8,"column":22},"end":{"line":8,"column":44}},"type":"binary-expr","locations":[{"start":{"line":8,"column":22},"end":{"line":8,"column":36}},{"start":{"line":8,"column":40},"end":{"line":8,"column":44}}],"line":8},"1":{"loc":{"start":{"line":13,"column":27},"end":{"line":13,"column":48}},"type":"binary-expr","locations":[{"start":{"line":13,"column":27},"end":{"line":13,"column":40}},{"start":{"line":13,"column":44},"end":{"line":13,"column":48}}],"line":13},"2":{"loc":{"start":{"line":18,"column":8},"end":{"line":20,"column":9}},"type":"if","locations":[{"start":{"line":18,"column":8},"end":{"line":20,"column":9}},{"start":{},"end":{}}],"line":18},"3":{"loc":{"start":{"line":42,"column":8},"end":{"line":42,"column":84}},"type":"if","locations":[{"start":{"line":42,"column":8},"end":{"line":42,"column":84}},{"start":{},"end":{}}],"line":42}},"s":{"0":0,"1":0,"2":0,"3":0,"4":0,"5":0,"6":0,"7":0,"8":0,"9":0,"10":0,"11":0,"12":0,"13":0,"14":0,"15":0,"16":0,"17":0,"18":0,"19":0,"20":0,"21":0,"22":0,"23":0,"24":0,"25":0,"26":0,"27":0,"28":0,"29":0,"30":0,"31":0,"32":0,"33":0,"34":0,"35":0,"36":0,"37":0,"38":0,"39":0,"40":0,"41":0},"f":{"0":0,"1":0,"2":0,"3":0,"4":0,"5":0},"b":{"0":[0,0],"1":[0,0],"2":[0,0],"3":[0,0]}}
,"C:\\Users\\asus\\Desktop\\BackEnd-stackoverflow\\controllers\\folderController.js": {"path":"C:\\Users\\asus\\Desktop\\BackEnd-stackoverflow\\controllers\\folderController.js","statementMap":{"0":{"start":{"line":1,"column":22},"end":{"line":1,"column":58}},"1":{"start":{"line":3,"column":0},"end":{"line":13,"column":2}},"2":{"start":{"line":4,"column":4},"end":{"line":12,"column":5}},"3":{"start":{"line":5,"column":23},"end":{"line":5,"column":84}},"4":{"start":{"line":6,"column":8},"end":{"line":6,"column":37}},"5":{"start":{"line":8,"column":8},"end":{"line":10,"column":9}},"6":{"start":{"line":9,"column":12},"end":{"line":9,"column":78}},"7":{"start":{"line":11,"column":8},"end":{"line":11,"column":18}},"8":{"start":{"line":15,"column":0},"end":{"line":22,"column":2}},"9":{"start":{"line":16,"column":4},"end":{"line":21,"column":5}},"10":{"start":{"line":17,"column":24},"end":{"line":17,"column":74}},"11":{"start":{"line":18,"column":8},"end":{"line":18,"column":26}},"12":{"start":{"line":20,"column":8},"end":{"line":20,"column":18}},"13":{"start":{"line":24,"column":0},"end":{"line":32,"column":2}},"14":{"start":{"line":25,"column":4},"end":{"line":31,"column":5}},"15":{"start":{"line":26,"column":23},"end":{"line":26,"column":90}},"16":{"start":{"line":27,"column":8},"end":{"line":27,"column":82}},"17":{"start":{"line":27,"column":21},"end":{"line":27,"column":82}},"18":{"start":{"line":28,"column":8},"end":{"line":28,"column":25}},"19":{"start":{"line":30,"column":8},"end":{"line":30,"column":18}},"20":{"start":{"line":34,"column":0},"end":{"line":44,"column":2}},"21":{"start":{"line":35,"column":4},"end":{"line":43,"column":5}},"22":{"start":{"line":36,"column":23},"end":{"line":36,"column":106}},"23":{"start":{"line":37,"column":8},"end":{"line":37,"column":25}},"24":{"start":{"line":39,"column":8},"end":{"line":41,"column":9}},"25":{"start":{"line":40,"column":12},"end":{"line":40,"column":73}},"26":{"start":{"line":42,"column":8},"end":{"line":42,"column":18}},"27":{"start":{"line":46,"column":0},"end":{"line":56,"column":2}},"28":{"start":{"line":47,"column":4},"end":{"line":55,"column":5}},"29":{"start":{"line":48,"column":23},"end":{"line":48,"column":111}},"30":{"start":{"line":49,"column":8},"end":{"line":49,"column":25}},"31":{"start":{"line":51,"column":8},"end":{"line":53,"column":9}},"32":{"start":{"line":52,"column":12},"end":{"line":52,"column":73}},"33":{"start":{"line":54,"column":8},"end":{"line":54,"column":18}},"34":{"start":{"line":58,"column":0},"end":{"line":65,"column":2}},"35":{"start":{"line":59,"column":4},"end":{"line":64,"column":5}},"36":{"start":{"line":60,"column":8},"end":{"line":60,"column":62}},"37":{"start":{"line":61,"column":8},"end":{"line":61,"column":61}},"38":{"start":{"line":63,"column":8},"end":{"line":63,"column":18}}},"fnMap":{"0":{"name":"(anonymous_0)","decl":{"start":{"line":3,"column":23},"end":{"line":3,"column":24}},"loc":{"start":{"line":3,"column":49},"end":{"line":13,"column":1}},"line":3},"1":{"name":"(anonymous_1)","decl":{"start":{"line":15,"column":21},"end":{"line":15,"column":22}},"loc":{"start":{"line":15,"column":47},"end":{"line":22,"column":1}},"line":15},"2":{"name":"(anonymous_2)","decl":{"start":{"line":24,"column":27},"end":{"line":24,"column":28}},"loc":{"start":{"line":24,"column":53},"end":{"line":32,"column":1}},"line":24},"3":{"name":"(anonymous_3)","decl":{"start":{"line":34,"column":22},"end":{"line":34,"column":23}},"loc":{"start":{"line":34,"column":48},"end":{"line":44,"column":1}},"line":34},"4":{"name":"(anonymous_4)","decl":{"start":{"line":46,"column":25},"end":{"line":46,"column":26}},"loc":{"start":{"line":46,"column":51},"end":{"line":56,"column":1}},"line":46},"5":{"name":"(anonymous_5)","decl":{"start":{"line":58,"column":23},"end":{"line":58,"column":24}},"loc":{"start":{"line":58,"column":49},"end":{"line":65,"column":1}},"line":58}},"branchMap":{"0":{"loc":{"start":{"line":8,"column":8},"end":{"line":10,"column":9}},"type":"if","locations":[{"start":{"line":8,"column":8},"end":{"line":10,"column":9}},{"start":{},"end":{}}],"line":8},"1":{"loc":{"start":{"line":27,"column":8},"end":{"line":27,"column":82}},"type":"if","locations":[{"start":{"line":27,"column":8},"end":{"line":27,"column":82}},{"start":{},"end":{}}],"line":27},"2":{"loc":{"start":{"line":39,"column":8},"end":{"line":41,"column":9}},"type":"if","locations":[{"start":{"line":39,"column":8},"end":{"line":41,"column":9}},{"start":{},"end":{}}],"line":39},"3":{"loc":{"start":{"line":51,"column":8},"end":{"line":53,"column":9}},"type":"if","locations":[{"start":{"line":51,"column":8},"end":{"line":53,"column":9}},{"start":{},"end":{}}],"line":51}},"s":{"0":0,"1":0,"2":0,"3":0,"4":0,"5":0,"6":0,"7":0,"8":0,"9":0,"10":0,"11":0,"12":0,"13":0,"14":0,"15":0,"16":0,"17":0,"18":0,"19":0,"20":0,"21":0,"22":0,"23":0,"24":0,"25":0,"26":0,"27":0,"28":0,"29":0,"30":0,"31":0,"32":0,"33":0,"34":0,"35":0,"36":0,"37":0,"38":0},"f":{"0":0,"1":0,"2":0,"3":0,"4":0,"5":0},"b":{"0":[0,0],"1":[0,0],"2":[0,0],"3":[0,0]}}
,"C:\\Users\\asus\\Desktop\\BackEnd-stackoverflow\\controllers\\leaderboardController.js": {"path":"C:\\Users\\asus\\Desktop\\BackEnd-stackoverflow\\controllers\\leaderboardController.js","statementMap":{"0":{"start":{"line":1,"column":27},"end":{"line":1,"column":68}},"1":{"start":{"line":3,"column":0},"end":{"line":16,"column":2}},"2":{"start":{"line":4,"column":4},"end":{"line":15,"column":5}},"3":{"start":{"line":5,"column":23},"end":{"line":11,"column":9}},"4":{"start":{"line":12,"column":8},"end":{"line":12,"column":25}},"5":{"start":{"line":14,"column":8},"end":{"line":14,"column":18}}},"fnMap":{"0":{"name":"(anonymous_0)","decl":{"start":{"line":3,"column":25},"end":{"line":3,"column":26}},"loc":{"start":{"line":3,"column":51},"end":{"line":16,"column":1}},"line":3}},"branchMap":{},"s":{"0":0,"1":0,"2":0,"3":0,"4":0,"5":0},"f":{"0":0},"b":{}}
,"C:\\Users\\asus\\Desktop\\BackEnd-stackoverflow\\controllers\\notificationController.js": {"path":"C:\\Users\\asus\\Desktop\\BackEnd-stackoverflow\\controllers\\notificationController.js","statementMap":{"0":{"start":{"line":1,"column":28},"end":{"line":1,"column":70}},"1":{"start":{"line":3,"column":0},"end":{"line":29,"column":2}},"2":{"start":{"line":4,"column":4},"end":{"line":28,"column":5}},"3":{"start":{"line":5,"column":32},"end":{"line":14,"column":10}},"4":{"start":{"line":16,"column":19},"end":{"line":16,"column":36}},"5":{"start":{"line":17,"column":28},"end":{"line":17,"column":49}},"6":{"start":{"line":19,"column":8},"end":{"line":24,"column":9}},"7":{"start":{"line":20,"column":29},"end":{"line":20,"column":57}},"8":{"start":{"line":21,"column":12},"end":{"line":23,"column":13}},"9":{"start":{"line":22,"column":16},"end":{"line":22,"column":82}},"10":{"start":{"line":25,"column":8},"end":{"line":25,"column":46}},"11":{"start":{"line":27,"column":8},"end":{"line":27,"column":18}},"12":{"start":{"line":31,"column":0},"end":{"line":38,"column":2}},"13":{"start":{"line":32,"column":4},"end":{"line":37,"column":5}},"14":{"start":{"line":33,"column":22},"end":{"line":33,"column":90}},"15":{"start":{"line":34,"column":8},"end":{"line":34,"column":24}},"16":{"start":{"line":36,"column":8},"end":{"line":36,"column":18}},"17":{"start":{"line":40,"column":0},"end":{"line":47,"column":2}},"18":{"start":{"line":41,"column":4},"end":{"line":46,"column":5}},"19":{"start":{"line":42,"column":30},"end":{"line":42,"column":77}},"20":{"start":{"line":43,"column":8},"end":{"line":43,"column":32}},"21":{"start":{"line":45,"column":8},"end":{"line":45,"column":18}},"22":{"start":{"line":49,"column":0},"end":{"line":56,"column":2}},"23":{"start":{"line":50,"column":4},"end":{"line":55,"column":5}},"24":{"start":{"line":51,"column":24},"end":{"line":51,"column":87}},"25":{"start":{"line":52,"column":8},"end":{"line":52,"column":26}},"26":{"start":{"line":54,"column":8},"end":{"line":54,"column":18}},"27":{"start":{"line":58,"column":0},"end":{"line":65,"column":2}},"28":{"start":{"line":59,"column":4},"end":{"line":64,"column":5}},"29":{"start":{"line":60,"column":8},"end":{"line":60,"column":80}},"30":{"start":{"line":61,"column":8},"end":{"line":61,"column":55}},"31":{"start":{"line":63,"column":8},"end":{"line":63,"column":18}}},"fnMap":{"0":{"name":"(anonymous_0)","decl":{"start":{"line":3,"column":17},"end":{"line":3,"column":18}},"loc":{"start":{"line":3,"column":43},"end":{"line":29,"column":1}},"line":3},"1":{"name":"(anonymous_1)","decl":{"start":{"line":31,"column":20},"end":{"line":31,"column":21}},"loc":{"start":{"line":31,"column":46},"end":{"line":38,"column":1}},"line":31},"2":{"name":"(anonymous_2)","decl":{"start":{"line":40,"column":17},"end":{"line":40,"column":18}},"loc":{"start":{"line":40,"column":43},"end":{"line":47,"column":1}},"line":40},"3":{"name":"(anonymous_3)","decl":{"start":{"line":49,"column":21},"end":{"line":49,"column":22}},"loc":{"start":{"line":49,"column":47},"end":{"line":56,"column":1}},"line":49},"4":{"name":"(anonymous_4)","decl":{"start":{"line":58,"column":17},"end":{"line":58,"column":18}},"loc":{"start":{"line":58,"column":43},"end":{"line":65,"column":1}},"line":58}},"branchMap":{"0":{"loc":{"start":{"line":19,"column":8},"end":{"line":24,"column":9}},"type":"if","locations":[{"start":{"line":19,"column":8},"end":{"line":24,"column":9}},{"start":{},"end":{}}],"line":19},"1":{"loc":{"start":{"line":19,"column":12},"end":{"line":19,"column":25}},"type":"binary-expr","locations":[{"start":{"line":19,"column":12},"end":{"line":19,"column":14}},{"start":{"line":19,"column":18},"end":{"line":19,"column":25}}],"line":19},"2":{"loc":{"start":{"line":21,"column":12},"end":{"line":23,"column":13}},"type":"if","locations":[{"start":{"line":21,"column":12},"end":{"line":23,"column":13}},{"start":{},"end":{}}],"line":21}},"s":{"0":0,"1":0,"2":0,"3":0,"4":0,"5":0,"6":0,"7":0,"8":0,"9":0,"10":0,"11":0,"12":0,"13":0,"14":0,"15":0,"16":0,"17":0,"18":0,"19":0,"20":0,"21":0,"22":0,"23":0,"24":0,"25":0,"26":0,"27":0,"28":0,"29":0,"30":0,"31":0},"f":{"0":0,"1":0,"2":0,"3":0,"4":0},"b":{"0":[0,0],"1":[0,0],"2":[0,0]}}
,"C:\\Users\\asus\\Desktop\\BackEnd-stackoverflow\\controllers\\questionController.js": {"path":"C:\\Users\\asus\\Desktop\\BackEnd-stackoverflow\\controllers\\questionController.js","statementMap":{"0":{"start":{"line":1,"column":24},"end":{"line":1,"column":62}},"1":{"start":{"line":2,"column":28},"end":{"line":2,"column":67}},"2":{"start":{"line":4,"column":0},"end":{"line":27,"column":2}},"3":{"start":{"line":5,"column":4},"end":{"line":26,"column":5}},"4":{"start":{"line":6,"column":41},"end":{"line":6,"column":49}},"5":{"start":{"line":8,"column":22},"end":{"line":8,"column":57}},"6":{"start":{"line":9,"column":8},"end":{"line":13,"column":9}},"7":{"start":{"line":10,"column":12},"end":{"line":12,"column":15}},"8":{"start":{"line":14,"column":23},"end":{"line":14,"column":62}},"9":{"start":{"line":14,"column":46},"end":{"line":14,"column":55}},"10":{"start":{"line":16,"column":25},"end":{"line":22,"column":10}},"11":{"start":{"line":23,"column":8},"end":{"line":23,"column":39}},"12":{"start":{"line":25,"column":8},"end":{"line":25,"column":18}},"13":{"start":{"line":29,"column":0},"end":{"line":36,"column":2}},"14":{"start":{"line":30,"column":4},"end":{"line":35,"column":5}},"15":{"start":{"line":31,"column":26},"end":{"line":31,"column":65}},"16":{"start":{"line":32,"column":8},"end":{"line":32,"column":28}},"17":{"start":{"line":34,"column":8},"end":{"line":34,"column":18}},"18":{"start":{"line":38,"column":0},"end":{"line":46,"column":2}},"19":{"start":{"line":39,"column":4},"end":{"line":45,"column":5}},"20":{"start":{"line":40,"column":31},"end":{"line":40,"column":41}},"21":{"start":{"line":41,"column":23},"end":{"line":41,"column":83}},"22":{"start":{"line":42,"column":8},"end":{"line":42,"column":25}},"23":{"start":{"line":44,"column":8},"end":{"line":44,"column":18}},"24":{"start":{"line":48,"column":0},"end":{"line":65,"column":2}},"25":{"start":{"line":49,"column":4},"end":{"line":64,"column":5}},"26":{"start":{"line":50,"column":24},"end":{"line":54,"column":9}},"27":{"start":{"line":55,"column":8},"end":{"line":55,"column":26}},"28":{"start":{"line":57,"column":8},"end":{"line":59,"column":9}},"29":{"start":{"line":58,"column":12},"end":{"line":58,"column":75}},"30":{"start":{"line":60,"column":8},"end":{"line":62,"column":9}},"31":{"start":{"line":61,"column":12},"end":{"line":61,"column":74}},"32":{"start":{"line":63,"column":8},"end":{"line":63,"column":18}},"33":{"start":{"line":67,"column":0},"end":{"line":80,"column":2}},"34":{"start":{"line":68,"column":4},"end":{"line":79,"column":5}},"35":{"start":{"line":69,"column":8},"end":{"line":69,"column":70}},"36":{"start":{"line":70,"column":8},"end":{"line":70,"column":63}},"37":{"start":{"line":72,"column":8},"end":{"line":74,"column":9}},"38":{"start":{"line":73,"column":12},"end":{"line":73,"column":75}},"39":{"start":{"line":75,"column":8},"end":{"line":77,"column":9}},"40":{"start":{"line":76,"column":12},"end":{"line":76,"column":74}},"41":{"start":{"line":78,"column":8},"end":{"line":78,"column":18}},"42":{"start":{"line":82,"column":0},"end":{"line":94,"column":2}},"43":{"start":{"line":83,"column":4},"end":{"line":93,"column":5}},"44":{"start":{"line":84,"column":33},"end":{"line":84,"column":42}},"45":{"start":{"line":85,"column":26},"end":{"line":89,"column":10}},"46":{"start":{"line":90,"column":8},"end":{"line":90,"column":28}},"47":{"start":{"line":92,"column":8},"end":{"line":92,"column":18}},"48":{"start":{"line":96,"column":0},"end":{"line":111,"column":2}},"49":{"start":{"line":97,"column":4},"end":{"line":110,"column":5}},"50":{"start":{"line":98,"column":26},"end":{"line":101,"column":9}},"51":{"start":{"line":102,"column":8},"end":{"line":102,"column":28}},"52":{"start":{"line":104,"column":8},"end":{"line":108,"column":9}},"53":{"start":{"line":105,"column":12},"end":{"line":107,"column":15}},"54":{"start":{"line":109,"column":8},"end":{"line":109,"column":18}}},"fnMap":{"0":{"name":"(anonymous_0)","decl":{"start":{"line":4,"column":25},"end":{"line":4,"column":26}},"loc":{"start":{"line":4,"column":51},"end":{"line":27,"column":1}},"line":4},"1":{"name":"(anonymous_1)","decl":{"start":{"line":14,"column":38},"end":{"line":14,"column":39}},"loc":{"start":{"line":14,"column":46},"end":{"line":14,"column":55}},"line":14},"2":{"name":"(anonymous_2)","decl":{"start":{"line":29,"column":26},"end":{"line":29,"column":27}},"loc":{"start":{"line":29,"column":52},"end":{"line":36,"column":1}},"line":29},"3":{"name":"(anonymous_3)","decl":{"start":{"line":38,"column":23},"end":{"line":38,"column":24}},"loc":{"start":{"line":38,"column":49},"end":{"line":46,"column":1}},"line":38},"4":{"name":"(anonymous_4)","decl":{"start":{"line":48,"column":25},"end":{"line":48,"column":26}},"loc":{"start":{"line":48,"column":51},"end":{"line":65,"column":1}},"line":48},"5":{"name":"(anonymous_5)","decl":{"start":{"line":67,"column":25},"end":{"line":67,"column":26}},"loc":{"start":{"line":67,"column":51},"end":{"line":80,"column":1}},"line":67},"6":{"name":"(anonymous_6)","decl":{"start":{"line":82,"column":26},"end":{"line":82,"column":27}},"loc":{"start":{"line":82,"column":52},"end":{"line":94,"column":1}},"line":82},"7":{"name":"(anonymous_7)","decl":{"start":{"line":96,"column":29},"end":{"line":96,"column":30}},"loc":{"start":{"line":96,"column":55},"end":{"line":111,"column":1}},"line":96}},"branchMap":{"0":{"loc":{"start":{"line":9,"column":8},"end":{"line":13,"column":9}},"type":"if","locations":[{"start":{"line":9,"column":8},"end":{"line":13,"column":9}},{"start":{},"end":{}}],"line":9},"1":{"loc":{"start":{"line":14,"column":23},"end":{"line":14,"column":62}},"type":"binary-expr","locations":[{"start":{"line":14,"column":23},"end":{"line":14,"column":56}},{"start":{"line":14,"column":60},"end":{"line":14,"column":62}}],"line":14},"2":{"loc":{"start":{"line":57,"column":8},"end":{"line":59,"column":9}},"type":"if","locations":[{"start":{"line":57,"column":8},"end":{"line":59,"column":9}},{"start":{},"end":{}}],"line":57},"3":{"loc":{"start":{"line":60,"column":8},"end":{"line":62,"column":9}},"type":"if","locations":[{"start":{"line":60,"column":8},"end":{"line":62,"column":9}},{"start":{},"end":{}}],"line":60},"4":{"loc":{"start":{"line":72,"column":8},"end":{"line":74,"column":9}},"type":"if","locations":[{"start":{"line":72,"column":8},"end":{"line":74,"column":9}},{"start":{},"end":{}}],"line":72},"5":{"loc":{"start":{"line":75,"column":8},"end":{"line":77,"column":9}},"type":"if","locations":[{"start":{"line":75,"column":8},"end":{"line":77,"column":9}},{"start":{},"end":{}}],"line":75},"6":{"loc":{"start":{"line":104,"column":8},"end":{"line":108,"column":9}},"type":"if","locations":[{"start":{"line":104,"column":8},"end":{"line":108,"column":9}},{"start":{},"end":{}}],"line":104}},"s":{"0":0,"1":0,"2":0,"3":0,"4":0,"5":0,"6":0,"7":0,"8":0,"9":0,"10":0,"11":0,"12":0,"13":0,"14":0,"15":0,"16":0,"17":0,"18":0,"19":0,"20":0,"21":0,"22":0,"23":0,"24":0,"25":0,"26":0,"27":0,"28":0,"29":0,"30":0,"31":0,"32":0,"33":0,"34":0,"35":0,"36":0,"37":0,"38":0,"39":0,"40":0,"41":0,"42":0,"43":0,"44":0,"45":0,"46":0,"47":0,"48":0,"49":0,"50":0,"51":0,"52":0,"53":0,"54":0},"f":{"0":0,"1":0,"2":0,"3":0,"4":0,"5":0,"6":0,"7":0},"b":{"0":[0,0],"1":[0,0],"2":[0,0],"3":[0,0],"4":[0,0],"5":[0,0],"6":[0,0]}}
,"C:\\Users\\asus\\Desktop\\BackEnd-stackoverflow\\controllers\\reportController.js": {"path":"C:\\Users\\asus\\Desktop\\BackEnd-stackoverflow\\controllers\\reportController.js","statementMap":{"0":{"start":{"line":1,"column":22},"end":{"line":1,"column":58}},"1":{"start":{"line":3,"column":0},"end":{"line":12,"column":2}},"2":{"start":{"line":4,"column":4},"end":{"line":11,"column":5}},"3":{"start":{"line":5,"column":43},"end":{"line":5,"column":51}},"4":{"start":{"line":6,"column":25},"end":{"line":6,"column":37}},"5":{"start":{"line":7,"column":23},"end":{"line":7,"column":93}},"6":{"start":{"line":8,"column":8},"end":{"line":8,"column":37}},"7":{"start":{"line":10,"column":8},"end":{"line":10,"column":18}},"8":{"start":{"line":14,"column":0},"end":{"line":21,"column":2}},"9":{"start":{"line":15,"column":4},"end":{"line":20,"column":5}},"10":{"start":{"line":16,"column":24},"end":{"line":16,"column":59}},"11":{"start":{"line":17,"column":8},"end":{"line":17,"column":26}},"12":{"start":{"line":19,"column":8},"end":{"line":19,"column":18}},"13":{"start":{"line":23,"column":0},"end":{"line":39,"column":2}},"14":{"start":{"line":24,"column":4},"end":{"line":38,"column":5}},"15":{"start":{"line":25,"column":29},"end":{"line":25,"column":39}},"16":{"start":{"line":26,"column":27},"end":{"line":26,"column":35}},"17":{"start":{"line":27,"column":23},"end":{"line":27,"column":74}},"18":{"start":{"line":30,"column":8},"end":{"line":32,"column":9}},"19":{"start":{"line":31,"column":12},"end":{"line":31,"column":66}},"20":{"start":{"line":35,"column":8},"end":{"line":35,"column":25}},"21":{"start":{"line":37,"column":8},"end":{"line":37,"column":18}}},"fnMap":{"0":{"name":"(anonymous_0)","decl":{"start":{"line":3,"column":23},"end":{"line":3,"column":24}},"loc":{"start":{"line":3,"column":49},"end":{"line":12,"column":1}},"line":3},"1":{"name":"(anonymous_1)","decl":{"start":{"line":14,"column":24},"end":{"line":14,"column":25}},"loc":{"start":{"line":14,"column":50},"end":{"line":21,"column":1}},"line":14},"2":{"name":"(anonymous_2)","decl":{"start":{"line":23,"column":24},"end":{"line":23,"column":25}},"loc":{"start":{"line":23,"column":50},"end":{"line":39,"column":1}},"line":23}},"branchMap":{"0":{"loc":{"start":{"line":30,"column":8},"end":{"line":32,"column":9}},"type":"if","locations":[{"start":{"line":30,"column":8},"end":{"line":32,"column":9}},{"start":{},"end":{}}],"line":30}},"s":{"0":0,"1":0,"2":0,"3":0,"4":0,"5":0,"6":0,"7":0,"8":0,"9":0,"10":0,"11":0,"12":0,"13":0,"14":0,"15":0,"16":0,"17":0,"18":0,"19":0,"20":0,"21":0},"f":{"0":0,"1":0,"2":0},"b":{"0":[0,0]}}
,"C:\\Users\\asus\\Desktop\\BackEnd-stackoverflow\\controllers\\tagController.js": {"path":"C:\\Users\\asus\\Desktop\\BackEnd-stackoverflow\\controllers\\tagController.js","statementMap":{"0":{"start":{"line":1,"column":19},"end":{"line":1,"column":52}},"1":{"start":{"line":3,"column":0},"end":{"line":10,"column":2}},"2":{"start":{"line":4,"column":4},"end":{"line":9,"column":5}},"3":{"start":{"line":5,"column":21},"end":{"line":5,"column":50}},"4":{"start":{"line":6,"column":8},"end":{"line":6,"column":23}},"5":{"start":{"line":8,"column":8},"end":{"line":8,"column":18}},"6":{"start":{"line":12,"column":0},"end":{"line":23,"column":2}},"7":{"start":{"line":13,"column":4},"end":{"line":22,"column":5}},"8":{"start":{"line":14,"column":38},"end":{"line":14,"column":46}},"9":{"start":{"line":15,"column":20},"end":{"line":15,"column":69}},"10":{"start":{"line":16,"column":8},"end":{"line":16,"column":34}},"11":{"start":{"line":18,"column":8},"end":{"line":20,"column":9}},"12":{"start":{"line":19,"column":12},"end":{"line":19,"column":75}},"13":{"start":{"line":21,"column":8},"end":{"line":21,"column":18}},"14":{"start":{"line":25,"column":0},"end":{"line":33,"column":2}},"15":{"start":{"line":26,"column":4},"end":{"line":32,"column":5}},"16":{"start":{"line":27,"column":24},"end":{"line":27,"column":75}},"17":{"start":{"line":28,"column":8},"end":{"line":28,"column":80}},"18":{"start":{"line":28,"column":22},"end":{"line":28,"column":80}},"19":{"start":{"line":29,"column":8},"end":{"line":29,"column":26}},"20":{"start":{"line":31,"column":8},"end":{"line":31,"column":18}},"21":{"start":{"line":35,"column":0},"end":{"line":43,"column":2}},"22":{"start":{"line":36,"column":4},"end":{"line":42,"column":5}},"23":{"start":{"line":37,"column":24},"end":{"line":37,"column":65}},"24":{"start":{"line":38,"column":8},"end":{"line":38,"column":80}},"25":{"start":{"line":38,"column":22},"end":{"line":38,"column":80}},"26":{"start":{"line":39,"column":8},"end":{"line":39,"column":58}},"27":{"start":{"line":41,"column":8},"end":{"line":41,"column":18}},"28":{"start":{"line":45,"column":0},"end":{"line":53,"column":2}},"29":{"start":{"line":46,"column":4},"end":{"line":52,"column":5}},"30":{"start":{"line":47,"column":22},"end":{"line":47,"column":35}},"31":{"start":{"line":48,"column":26},"end":{"line":48,"column":67}},"32":{"start":{"line":49,"column":8},"end":{"line":49,"column":28}},"33":{"start":{"line":51,"column":8},"end":{"line":51,"column":18}},"34":{"start":{"line":55,"column":0},"end":{"line":62,"column":2}},"35":{"start":{"line":56,"column":4},"end":{"line":61,"column":5}},"36":{"start":{"line":57,"column":21},"end":{"line":57,"column":54}},"37":{"start":{"line":58,"column":8},"end":{"line":58,"column":23}},"38":{"start":{"line":60,"column":8},"end":{"line":60,"column":18}}},"fnMap":{"0":{"name":"(anonymous_0)","decl":{"start":{"line":3,"column":21},"end":{"line":3,"column":22}},"loc":{"start":{"line":3,"column":47},"end":{"line":10,"column":1}},"line":3},"1":{"name":"(anonymous_1)","decl":{"start":{"line":12,"column":20},"end":{"line":12,"column":21}},"loc":{"start":{"line":12,"column":46},"end":{"line":23,"column":1}},"line":12},"2":{"name":"(anonymous_2)","decl":{"start":{"line":25,"column":20},"end":{"line":25,"column":21}},"loc":{"start":{"line":25,"column":46},"end":{"line":33,"column":1}},"line":25},"3":{"name":"(anonymous_3)","decl":{"start":{"line":35,"column":20},"end":{"line":35,"column":21}},"loc":{"start":{"line":35,"column":46},"end":{"line":43,"column":1}},"line":35},"4":{"name":"(anonymous_4)","decl":{"start":{"line":45,"column":28},"end":{"line":45,"column":29}},"loc":{"start":{"line":45,"column":54},"end":{"line":53,"column":1}},"line":45},"5":{"name":"(anonymous_5)","decl":{"start":{"line":55,"column":25},"end":{"line":55,"column":26}},"loc":{"start":{"line":55,"column":51},"end":{"line":62,"column":1}},"line":55}},"branchMap":{"0":{"loc":{"start":{"line":18,"column":8},"end":{"line":20,"column":9}},"type":"if","locations":[{"start":{"line":18,"column":8},"end":{"line":20,"column":9}},{"start":{},"end":{}}],"line":18},"1":{"loc":{"start":{"line":28,"column":8},"end":{"line":28,"column":80}},"type":"if","locations":[{"start":{"line":28,"column":8},"end":{"line":28,"column":80}},{"start":{},"end":{}}],"line":28},"2":{"loc":{"start":{"line":38,"column":8},"end":{"line":38,"column":80}},"type":"if","locations":[{"start":{"line":38,"column":8},"end":{"line":38,"column":80}},{"start":{},"end":{}}],"line":38}},"s":{"0":0,"1":0,"2":0,"3":0,"4":0,"5":0,"6":0,"7":0,"8":0,"9":0,"10":0,"11":0,"12":0,"13":0,"14":0,"15":0,"16":0,"17":0,"18":0,"19":0,"20":0,"21":0,"22":0,"23":0,"24":0,"25":0,"26":0,"27":0,"28":0,"29":0,"30":0,"31":0,"32":0,"33":0,"34":0,"35":0,"36":0,"37":0,"38":0},"f":{"0":0,"1":0,"2":0,"3":0,"4":0,"5":0},"b":{"0":[0,0],"1":[0,0],"2":[0,0]}}
,"C:\\Users\\asus\\Desktop\\BackEnd-stackoverflow\\controllers\\userController.js": {"path":"C:\\Users\\asus\\Desktop\\BackEnd-stackoverflow\\controllers\\userController.js","statementMap":{"0":{"start":{"line":2,"column":20},"end":{"line":2,"column":54}},"1":{"start":{"line":4,"column":0},"end":{"line":6,"column":2}},"2":{"start":{"line":5,"column":4},"end":{"line":5,"column":57}},"3":{"start":{"line":8,"column":0},"end":{"line":15,"column":2}},"4":{"start":{"line":9,"column":4},"end":{"line":14,"column":5}},"5":{"start":{"line":10,"column":8},"end":{"line":10,"column":80}},"6":{"start":{"line":10,"column":23},"end":{"line":10,"column":80}},"7":{"start":{"line":11,"column":8},"end":{"line":11,"column":27}},"8":{"start":{"line":13,"column":8},"end":{"line":13,"column":18}},"9":{"start":{"line":17,"column":0},"end":{"line":32,"column":2}},"10":{"start":{"line":18,"column":4},"end":{"line":31,"column":5}},"11":{"start":{"line":19,"column":23},"end":{"line":19,"column":36}},"12":{"start":{"line":21,"column":8},"end":{"line":23,"column":9}},"13":{"start":{"line":22,"column":12},"end":{"line":22,"column":74}},"14":{"start":{"line":25,"column":21},"end":{"line":25,"column":58}},"15":{"start":{"line":26,"column":8},"end":{"line":26,"column":78}},"16":{"start":{"line":26,"column":19},"end":{"line":26,"column":78}},"17":{"start":{"line":28,"column":8},"end":{"line":28,"column":23}},"18":{"start":{"line":30,"column":8},"end":{"line":30,"column":18}},"19":{"start":{"line":34,"column":0},"end":{"line":47,"column":2}},"20":{"start":{"line":35,"column":4},"end":{"line":46,"column":5}},"21":{"start":{"line":36,"column":22},"end":{"line":36,"column":53}},"22":{"start":{"line":38,"column":8},"end":{"line":41,"column":9}},"23":{"start":{"line":39,"column":23},"end":{"line":39,"column":40}},"24":{"start":{"line":40,"column":12},"end":{"line":40,"column":54}},"25":{"start":{"line":43,"column":8},"end":{"line":43,"column":24}},"26":{"start":{"line":45,"column":8},"end":{"line":45,"column":18}},"27":{"start":{"line":49,"column":0},"end":{"line":68,"column":2}},"28":{"start":{"line":50,"column":4},"end":{"line":67,"column":5}},"29":{"start":{"line":51,"column":52},"end":{"line":51,"column":60}},"30":{"start":{"line":52,"column":8},"end":{"line":54,"column":9}},"31":{"start":{"line":53,"column":12},"end":{"line":53,"column":80}},"32":{"start":{"line":56,"column":21},"end":{"line":62,"column":10}},"33":{"start":{"line":64,"column":8},"end":{"line":64,"column":35}},"34":{"start":{"line":66,"column":8},"end":{"line":66,"column":18}},"35":{"start":{"line":70,"column":0},"end":{"line":83,"column":2}},"36":{"start":{"line":71,"column":4},"end":{"line":82,"column":5}},"37":{"start":{"line":73,"column":8},"end":{"line":75,"column":9}},"38":{"start":{"line":74,"column":12},"end":{"line":74,"column":44}},"39":{"start":{"line":77,"column":24},"end":{"line":77,"column":77}},"40":{"start":{"line":78,"column":8},"end":{"line":78,"column":81}},"41":{"start":{"line":78,"column":22},"end":{"line":78,"column":81}},"42":{"start":{"line":79,"column":8},"end":{"line":79,"column":26}},"43":{"start":{"line":81,"column":8},"end":{"line":81,"column":18}},"44":{"start":{"line":85,"column":0},"end":{"line":95,"column":2}},"45":{"start":{"line":86,"column":4},"end":{"line":94,"column":5}},"46":{"start":{"line":87,"column":27},"end":{"line":87,"column":35}},"47":{"start":{"line":88,"column":8},"end":{"line":88,"column":84}},"48":{"start":{"line":88,"column":21},"end":{"line":88,"column":84}},"49":{"start":{"line":89,"column":24},"end":{"line":89,"column":60}},"50":{"start":{"line":90,"column":8},"end":{"line":90,"column":81}},"51":{"start":{"line":90,"column":22},"end":{"line":90,"column":81}},"52":{"start":{"line":91,"column":8},"end":{"line":91,"column":59}},"53":{"start":{"line":93,"column":8},"end":{"line":93,"column":18}},"54":{"start":{"line":97,"column":0},"end":{"line":111,"column":2}},"55":{"start":{"line":98,"column":4},"end":{"line":110,"column":5}},"56":{"start":{"line":99,"column":29},"end":{"line":99,"column":42}},"57":{"start":{"line":100,"column":23},"end":{"line":100,"column":81}},"58":{"start":{"line":101,"column":8},"end":{"line":101,"column":25}},"59":{"start":{"line":103,"column":8},"end":{"line":105,"column":9}},"60":{"start":{"line":104,"column":12},"end":{"line":104,"column":92}},"61":{"start":{"line":106,"column":8},"end":{"line":108,"column":9}},"62":{"start":{"line":107,"column":12},"end":{"line":107,"column":82}},"63":{"start":{"line":109,"column":8},"end":{"line":109,"column":18}},"64":{"start":{"line":113,"column":0},"end":{"line":123,"column":2}},"65":{"start":{"line":114,"column":4},"end":{"line":122,"column":5}},"66":{"start":{"line":115,"column":24},"end":{"line":115,"column":73}},"67":{"start":{"line":116,"column":8},"end":{"line":116,"column":26}},"68":{"start":{"line":118,"column":8},"end":{"line":120,"column":9}},"69":{"start":{"line":119,"column":12},"end":{"line":119,"column":71}},"70":{"start":{"line":121,"column":8},"end":{"line":121,"column":18}}},"fnMap":{"0":{"name":"(anonymous_0)","decl":{"start":{"line":4,"column":19},"end":{"line":4,"column":20}},"loc":{"start":{"line":4,"column":33},"end":{"line":6,"column":1}},"line":4},"1":{"name":"(anonymous_1)","decl":{"start":{"line":8,"column":21},"end":{"line":8,"column":22}},"loc":{"start":{"line":8,"column":47},"end":{"line":15,"column":1}},"line":8},"2":{"name":"(anonymous_2)","decl":{"start":{"line":17,"column":22},"end":{"line":17,"column":23}},"loc":{"start":{"line":17,"column":48},"end":{"line":32,"column":1}},"line":17},"3":{"name":"(anonymous_3)","decl":{"start":{"line":34,"column":22},"end":{"line":34,"column":23}},"loc":{"start":{"line":34,"column":48},"end":{"line":47,"column":1}},"line":34},"4":{"name":"(anonymous_4)","decl":{"start":{"line":49,"column":21},"end":{"line":49,"column":22}},"loc":{"start":{"line":49,"column":47},"end":{"line":68,"column":1}},"line":49},"5":{"name":"(anonymous_5)","decl":{"start":{"line":70,"column":21},"end":{"line":70,"column":22}},"loc":{"start":{"line":70,"column":47},"end":{"line":83,"column":1}},"line":70},"6":{"name":"(anonymous_6)","decl":{"start":{"line":85,"column":21},"end":{"line":85,"column":22}},"loc":{"start":{"line":85,"column":47},"end":{"line":95,"column":1}},"line":85},"7":{"name":"(anonymous_7)","decl":{"start":{"line":97,"column":23},"end":{"line":97,"column":24}},"loc":{"start":{"line":97,"column":49},"end":{"line":111,"column":1}},"line":97},"8":{"name":"(anonymous_8)","decl":{"start":{"line":113,"column":27},"end":{"line":113,"column":28}},"loc":{"start":{"line":113,"column":53},"end":{"line":123,"column":1}},"line":113}},"branchMap":{"0":{"loc":{"start":{"line":10,"column":8},"end":{"line":10,"column":80}},"type":"if","locations":[{"start":{"line":10,"column":8},"end":{"line":10,"column":80}},{"start":{},"end":{}}],"line":10},"1":{"loc":{"start":{"line":21,"column":8},"end":{"line":23,"column":9}},"type":"if","locations":[{"start":{"line":21,"column":8},"end":{"line":23,"column":9}},{"start":{},"end":{}}],"line":21},"2":{"loc":{"start":{"line":21,"column":12},"end":{"line":21,"column":75}},"type":"binary-expr","locations":[{"start":{"line":21,"column":12},"end":{"line":21,"column":37}},{"start":{"line":21,"column":41},"end":{"line":21,"column":75}}],"line":21},"3":{"loc":{"start":{"line":26,"column":8},"end":{"line":26,"column":78}},"type":"if","locations":[{"start":{"line":26,"column":8},"end":{"line":26,"column":78}},{"start":{},"end":{}}],"line":26},"4":{"loc":{"start":{"line":38,"column":8},"end":{"line":41,"column":9}},"type":"if","locations":[{"start":{"line":38,"column":8},"end":{"line":41,"column":9}},{"start":{},"end":{}}],"line":38},"5":{"loc":{"start":{"line":52,"column":8},"end":{"line":54,"column":9}},"type":"if","locations":[{"start":{"line":52,"column":8},"end":{"line":54,"column":9}},{"start":{},"end":{}}],"line":52},"6":{"loc":{"start":{"line":52,"column":12},"end":{"line":52,"column":44}},"type":"binary-expr","locations":[{"start":{"line":52,"column":12},"end":{"line":52,"column":21}},{"start":{"line":52,"column":25},"end":{"line":52,"column":31}},{"start":{"line":52,"column":35},"end":{"line":52,"column":44}}],"line":52},"7":{"loc":{"start":{"line":61,"column":20},"end":{"line":61,"column":42}},"type":"binary-expr","locations":[{"start":{"line":61,"column":20},"end":{"line":61,"column":34}},{"start":{"line":61,"column":38},"end":{"line":61,"column":42}}],"line":61},"8":{"loc":{"start":{"line":73,"column":8},"end":{"line":75,"column":9}},"type":"if","locations":[{"start":{"line":73,"column":8},"end":{"line":75,"column":9}},{"start":{},"end":{}}],"line":73},"9":{"loc":{"start":{"line":78,"column":8},"end":{"line":78,"column":81}},"type":"if","locations":[{"start":{"line":78,"column":8},"end":{"line":78,"column":81}},{"start":{},"end":{}}],"line":78},"10":{"loc":{"start":{"line":88,"column":8},"end":{"line":88,"column":84}},"type":"if","locations":[{"start":{"line":88,"column":8},"end":{"line":88,"column":84}},{"start":{},"end":{}}],"line":88},"11":{"loc":{"start":{"line":90,"column":8},"end":{"line":90,"column":81}},"type":"if","locations":[{"start":{"line":90,"column":8},"end":{"line":90,"column":81}},{"start":{},"end":{}}],"line":90},"12":{"loc":{"start":{"line":103,"column":8},"end":{"line":105,"column":9}},"type":"if","locations":[{"start":{"line":103,"column":8},"end":{"line":105,"column":9}},{"start":{},"end":{}}],"line":103},"13":{"loc":{"start":{"line":106,"column":8},"end":{"line":108,"column":9}},"type":"if","locations":[{"start":{"line":106,"column":8},"end":{"line":108,"column":9}},{"start":{},"end":{}}],"line":106},"14":{"loc":{"start":{"line":118,"column":8},"end":{"line":120,"column":9}},"type":"if","locations":[{"start":{"line":118,"column":8},"end":{"line":120,"column":9}},{"start":{},"end":{}}],"line":118}},"s":{"0":2,"1":2,"2":0,"3":2,"4":3,"5":3,"6":1,"7":2,"8":0,"9":2,"10":4,"11":4,"12":4,"13":1,"14":3,"15":3,"16":1,"17":2,"18":0,"19":2,"20":2,"21":2,"22":2,"23":1,"24":1,"25":2,"26":0,"27":2,"28":2,"29":2,"30":2,"31":1,"32":1,"33":1,"34":0,"35":2,"36":2,"37":2,"38":1,"39":2,"40":2,"41":1,"42":1,"43":0,"44":2,"45":3,"46":3,"47":3,"48":1,"49":2,"50":2,"51":1,"52":1,"53":0,"54":2,"55":0,"56":0,"57":0,"58":0,"59":0,"60":0,"61":0,"62":0,"63":0,"64":2,"65":0,"66":0,"67":0,"68":0,"69":0,"70":0},"f":{"0":0,"1":3,"2":4,"3":2,"4":2,"5":2,"6":3,"7":0,"8":0},"b":{"0":[1,2],"1":[1,3],"2":[4,3],"3":[1,2],"4":[1,1],"5":[1,1],"6":[2,1,1],"7":[1,0],"8":[1,1],"9":[1,1],"10":[1,2],"11":[1,1],"12":[0,0],"13":[0,0],"14":[0,0]},"_coverageSchema":"1a1c01bbd47fc00a2c39e90264f33305004495a9","hash":"fda00467290cad0b98360b9c544a8d94434a3b9f"}
,"C:\\Users\\asus\\Desktop\\BackEnd-stackoverflow\\routes\\answer.js": {"path":"C:\\Users\\asus\\Desktop\\BackEnd-stackoverflow\\routes\\answer.js","statementMap":{"0":{"start":{"line":1,"column":16},"end":{"line":1,"column":34}},"1":{"start":{"line":2,"column":15},"end":{"line":2,"column":31}},"2":{"start":{"line":3,"column":25},"end":{"line":3,"column":67}},"3":{"start":{"line":4,"column":23},"end":{"line":4,"column":63}},"4":{"start":{"line":5,"column":15},"end":{"line":5,"column":47}},"5":{"start":{"line":7,"column":0},"end":{"line":7,"column":88}},"6":{"start":{"line":9,"column":0},"end":{"line":9,"column":66}},"7":{"start":{"line":11,"column":0},"end":{"line":11,"column":69}},"8":{"start":{"line":13,"column":0},"end":{"line":13,"column":70}},"9":{"start":{"line":15,"column":0},"end":{"line":15,"column":58}},"10":{"start":{"line":17,"column":0},"end":{"line":17,"column":66}},"11":{"start":{"line":19,"column":0},"end":{"line":19,"column":48}},"12":{"start":{"line":21,"column":0},"end":{"line":21,"column":24}}},"fnMap":{},"branchMap":{},"s":{"0":0,"1":0,"2":0,"3":0,"4":0,"5":0,"6":0,"7":0,"8":0,"9":0,"10":0,"11":0,"12":0},"f":{},"b":{}}
,"C:\\Users\\asus\\Desktop\\BackEnd-stackoverflow\\routes\\auth.js": {"path":"C:\\Users\\asus\\Desktop\\BackEnd-stackoverflow\\routes\\auth.js","statementMap":{"0":{"start":{"line":1,"column":16},"end":{"line":1,"column":34}},"1":{"start":{"line":2,"column":15},"end":{"line":2,"column":31}},"2":{"start":{"line":3,"column":23},"end":{"line":3,"column":63}},"3":{"start":{"line":4,"column":17},"end":{"line":4,"column":46}},"4":{"start":{"line":5,"column":12},"end":{"line":5,"column":35}},"5":{"start":{"line":7,"column":0},"end":{"line":7,"column":50}},"6":{"start":{"line":9,"column":0},"end":{"line":9,"column":44}},"7":{"start":{"line":11,"column":0},"end":{"line":11,"column":65}},"8":{"start":{"line":13,"column":0},"end":{"line":13,"column":88}},"9":{"start":{"line":15,"column":0},"end":{"line":15,"column":82}},"10":{"start":{"line":17,"column":0},"end":{"line":25,"column":2}},"11":{"start":{"line":20,"column":21},"end":{"line":20,"column":54}},"12":{"start":{"line":21,"column":22},"end":{"line":21,"column":93}},"13":{"start":{"line":23,"column":8},"end":{"line":23,"column":71}},"14":{"start":{"line":27,"column":0},"end":{"line":33,"column":7}},"15":{"start":{"line":30,"column":22},"end":{"line":30,"column":97}},"16":{"start":{"line":32,"column":8},"end":{"line":32,"column":81}},"17":{"start":{"line":35,"column":0},"end":{"line":35,"column":24}}},"fnMap":{"0":{"name":"(anonymous_0)","decl":{"start":{"line":19,"column":4},"end":{"line":19,"column":5}},"loc":{"start":{"line":19,"column":18},"end":{"line":24,"column":5}},"line":19},"1":{"name":"(anonymous_1)","decl":{"start":{"line":29,"column":4},"end":{"line":29,"column":5}},"loc":{"start":{"line":29,"column":18},"end":{"line":33,"column":5}},"line":29}},"branchMap":{"0":{"loc":{"start":{"line":20,"column":21},"end":{"line":20,"column":54}},"type":"binary-expr","locations":[{"start":{"line":20,"column":21},"end":{"line":20,"column":29}},{"start":{"line":20,"column":33},"end":{"line":20,"column":54}}],"line":20}},"s":{"0":1,"1":1,"2":1,"3":1,"4":1,"5":1,"6":1,"7":1,"8":1,"9":1,"10":1,"11":0,"12":0,"13":0,"14":1,"15":0,"16":0,"17":1},"f":{"0":0,"1":0},"b":{"0":[0,0]},"_coverageSchema":"1a1c01bbd47fc00a2c39e90264f33305004495a9","hash":"b1a4980fa9568ab188253a7c04ce3f4b362d932b"}
,"C:\\Users\\asus\\Desktop\\BackEnd-stackoverflow\\routes\\comment.js": {"path":"C:\\Users\\asus\\Desktop\\BackEnd-stackoverflow\\routes\\comment.js","statementMap":{"0":{"start":{"line":1,"column":16},"end":{"line":1,"column":34}},"1":{"start":{"line":2,"column":15},"end":{"line":2,"column":31}},"2":{"start":{"line":3,"column":26},"end":{"line":3,"column":69}},"3":{"start":{"line":4,"column":23},"end":{"line":4,"column":63}},"4":{"start":{"line":5,"column":15},"end":{"line":5,"column":47}},"5":{"start":{"line":8,"column":0},"end":{"line":8,"column":90}},"6":{"start":{"line":10,"column":0},"end":{"line":10,"column":64}},"7":{"start":{"line":12,"column":0},"end":{"line":12,"column":71}},"8":{"start":{"line":14,"column":0},"end":{"line":14,"column":71}},"9":{"start":{"line":16,"column":0},"end":{"line":16,"column":59}},"10":{"start":{"line":18,"column":0},"end":{"line":18,"column":50}},"11":{"start":{"line":20,"column":0},"end":{"line":20,"column":24}}},"fnMap":{},"branchMap":{},"s":{"0":0,"1":0,"2":0,"3":0,"4":0,"5":0,"6":0,"7":0,"8":0,"9":0,"10":0,"11":0},"f":{},"b":{}}
,"C:\\Users\\asus\\Desktop\\BackEnd-stackoverflow\\routes\\folder.js": {"path":"C:\\Users\\asus\\Desktop\\BackEnd-stackoverflow\\routes\\folder.js","statementMap":{"0":{"start":{"line":1,"column":16},"end":{"line":1,"column":34}},"1":{"start":{"line":2,"column":15},"end":{"line":2,"column":31}},"2":{"start":{"line":3,"column":25},"end":{"line":3,"column":67}},"3":{"start":{"line":4,"column":13},"end":{"line":4,"column":53}},"4":{"start":{"line":6,"column":0},"end":{"line":6,"column":54}},"5":{"start":{"line":8,"column":0},"end":{"line":8,"column":51}},"6":{"start":{"line":10,"column":0},"end":{"line":10,"column":67}},"7":{"start":{"line":12,"column":0},"end":{"line":12,"column":78}},"8":{"start":{"line":14,"column":0},"end":{"line":14,"column":86}},"9":{"start":{"line":16,"column":0},"end":{"line":16,"column":65}},"10":{"start":{"line":18,"column":0},"end":{"line":18,"column":24}}},"fnMap":{},"branchMap":{},"s":{"0":0,"1":0,"2":0,"3":0,"4":0,"5":0,"6":0,"7":0,"8":0,"9":0,"10":0},"f":{},"b":{}}
,"C:\\Users\\asus\\Desktop\\BackEnd-stackoverflow\\routes\\leaderboard.js": {"path":"C:\\Users\\asus\\Desktop\\BackEnd-stackoverflow\\routes\\leaderboard.js","statementMap":{"0":{"start":{"line":1,"column":16},"end":{"line":1,"column":34}},"1":{"start":{"line":2,"column":15},"end":{"line":2,"column":31}},"2":{"start":{"line":3,"column":30},"end":{"line":3,"column":77}},"3":{"start":{"line":5,"column":0},"end":{"line":5,"column":54}},"4":{"start":{"line":7,"column":0},"end":{"line":7,"column":24}}},"fnMap":{},"branchMap":{},"s":{"0":0,"1":0,"2":0,"3":0,"4":0},"f":{},"b":{}}
,"C:\\Users\\asus\\Desktop\\BackEnd-stackoverflow\\routes\\notification.js": {"path":"C:\\Users\\asus\\Desktop\\BackEnd-stackoverflow\\routes\\notification.js","statementMap":{"0":{"start":{"line":1,"column":16},"end":{"line":1,"column":34}},"1":{"start":{"line":2,"column":15},"end":{"line":2,"column":31}},"2":{"start":{"line":3,"column":19},"end":{"line":3,"column":67}},"3":{"start":{"line":5,"column":0},"end":{"line":5,"column":36}},"4":{"start":{"line":7,"column":0},"end":{"line":7,"column":45}},"5":{"start":{"line":9,"column":0},"end":{"line":9,"column":61}},"6":{"start":{"line":11,"column":0},"end":{"line":11,"column":53}},"7":{"start":{"line":13,"column":0},"end":{"line":13,"column":35}},"8":{"start":{"line":15,"column":0},"end":{"line":15,"column":24}}},"fnMap":{},"branchMap":{},"s":{"0":0,"1":0,"2":0,"3":0,"4":0,"5":0,"6":0,"7":0,"8":0},"f":{},"b":{}}
,"C:\\Users\\asus\\Desktop\\BackEnd-stackoverflow\\routes\\question.js": {"path":"C:\\Users\\asus\\Desktop\\BackEnd-stackoverflow\\routes\\question.js","statementMap":{"0":{"start":{"line":1,"column":16},"end":{"line":1,"column":34}},"1":{"start":{"line":2,"column":15},"end":{"line":2,"column":31}},"2":{"start":{"line":3,"column":27},"end":{"line":3,"column":71}},"3":{"start":{"line":4,"column":23},"end":{"line":4,"column":63}},"4":{"start":{"line":5,"column":15},"end":{"line":5,"column":47}},"5":{"start":{"line":7,"column":0},"end":{"line":7,"column":52}},"6":{"start":{"line":10,"column":0},"end":{"line":10,"column":95}},"7":{"start":{"line":12,"column":0},"end":{"line":12,"column":84}},"8":{"start":{"line":14,"column":0},"end":{"line":14,"column":70}},"9":{"start":{"line":16,"column":0},"end":{"line":16,"column":73}},"10":{"start":{"line":18,"column":0},"end":{"line":18,"column":58}},"11":{"start":{"line":20,"column":0},"end":{"line":20,"column":90}},"12":{"start":{"line":22,"column":0},"end":{"line":22,"column":24}}},"fnMap":{},"branchMap":{},"s":{"0":0,"1":0,"2":0,"3":0,"4":0,"5":0,"6":0,"7":0,"8":0,"9":0,"10":0,"11":0,"12":0},"f":{},"b":{}}
,"C:\\Users\\asus\\Desktop\\BackEnd-stackoverflow\\routes\\report.js": {"path":"C:\\Users\\asus\\Desktop\\BackEnd-stackoverflow\\routes\\report.js","statementMap":{"0":{"start":{"line":1,"column":16},"end":{"line":1,"column":34}},"1":{"start":{"line":2,"column":15},"end":{"line":2,"column":31}},"2":{"start":{"line":3,"column":25},"end":{"line":3,"column":67}},"3":{"start":{"line":4,"column":23},"end":{"line":4,"column":63}},"4":{"start":{"line":7,"column":0},"end":{"line":7,"column":64}},"5":{"start":{"line":9,"column":0},"end":{"line":9,"column":64}},"6":{"start":{"line":11,"column":0},"end":{"line":11,"column":82}},"7":{"start":{"line":13,"column":0},"end":{"line":13,"column":24}}},"fnMap":{},"branchMap":{},"s":{"0":0,"1":0,"2":0,"3":0,"4":0,"5":0,"6":0,"7":0},"f":{},"b":{}}
,"C:\\Users\\asus\\Desktop\\BackEnd-stackoverflow\\routes\\tag.js": {"path":"C:\\Users\\asus\\Desktop\\BackEnd-stackoverflow\\routes\\tag.js","statementMap":{"0":{"start":{"line":1,"column":16},"end":{"line":1,"column":34}},"1":{"start":{"line":2,"column":15},"end":{"line":2,"column":31}},"2":{"start":{"line":3,"column":22},"end":{"line":3,"column":61}},"3":{"start":{"line":4,"column":13},"end":{"line":4,"column":53}},"4":{"start":{"line":7,"column":0},"end":{"line":7,"column":42}},"5":{"start":{"line":9,"column":0},"end":{"line":9,"column":62}},"6":{"start":{"line":11,"column":0},"end":{"line":11,"column":48}},"7":{"start":{"line":13,"column":0},"end":{"line":13,"column":50}},"8":{"start":{"line":15,"column":0},"end":{"line":15,"column":53}},"9":{"start":{"line":17,"column":0},"end":{"line":17,"column":53}},"10":{"start":{"line":19,"column":0},"end":{"line":19,"column":24}}},"fnMap":{},"branchMap":{},"s":{"0":0,"1":0,"2":0,"3":0,"4":0,"5":0,"6":0,"7":0,"8":0,"9":0,"10":0},"f":{},"b":{}}
,"C:\\Users\\asus\\Desktop\\BackEnd-stackoverflow\\routes\\user.js": {"path":"C:\\Users\\asus\\Desktop\\BackEnd-stackoverflow\\routes\\user.js","statementMap":{"0":{"start":{"line":8,"column":16},"end":{"line":8,"column":34}},"1":{"start":{"line":9,"column":15},"end":{"line":9,"column":31}},"2":{"start":{"line":10,"column":23},"end":{"line":10,"column":63}},"3":{"start":{"line":11,"column":23},"end":{"line":11,"column":63}},"4":{"start":{"line":12,"column":15},"end":{"line":12,"column":47}},"5":{"start":{"line":13,"column":24},"end":{"line":13,"column":62}},"6":{"start":{"line":15,"column":0},"end":{"line":15,"column":46}},"7":{"start":{"line":17,"column":0},"end":{"line":17,"column":57}},"8":{"start":{"line":19,"column":0},"end":{"line":19,"column":66}},"9":{"start":{"line":21,"column":0},"end":{"line":21,"column":69}},"10":{"start":{"line":23,"column":0},"end":{"line":23,"column":71}},"11":{"start":{"line":25,"column":0},"end":{"line":25,"column":46}},"12":{"start":{"line":27,"column":0},"end":{"line":27,"column":63}},"13":{"start":{"line":29,"column":0},"end":{"line":29,"column":72}},"14":{"start":{"line":31,"column":0},"end":{"line":31,"column":60}},"15":{"start":{"line":33,"column":0},"end":{"line":33,"column":24}}},"fnMap":{},"branchMap":{},"s":{"0":1,"1":1,"2":1,"3":1,"4":1,"5":1,"6":1,"7":1,"8":1,"9":1,"10":1,"11":1,"12":1,"13":1,"14":1,"15":1},"f":{},"b":{},"_coverageSchema":"1a1c01bbd47fc00a2c39e90264f33305004495a9","hash":"60bfa82beace354742470337a3571b52fde64da9"}
,"C:\\Users\\asus\\Desktop\\BackEnd-stackoverflow\\services\\answerService.js": {"path":"C:\\Users\\asus\\Desktop\\BackEnd-stackoverflow\\services\\answerService.js","statementMap":{"0":{"start":{"line":1,"column":15},"end":{"line":1,"column":42}},"1":{"start":{"line":2,"column":23},"end":{"line":2,"column":50}},"2":{"start":{"line":3,"column":13},"end":{"line":3,"column":38}},"3":{"start":{"line":5,"column":0},"end":{"line":9,"column":2}},"4":{"start":{"line":6,"column":19},"end":{"line":6,"column":76}},"5":{"start":{"line":7,"column":4},"end":{"line":7,"column":71}},"6":{"start":{"line":8,"column":4},"end":{"line":8,"column":18}},"7":{"start":{"line":11,"column":0},"end":{"line":15,"column":2}},"8":{"start":{"line":12,"column":4},"end":{"line":14,"column":33}},"9":{"start":{"line":17,"column":0},"end":{"line":25,"column":2}},"10":{"start":{"line":18,"column":19},"end":{"line":18,"column":50}},"11":{"start":{"line":19,"column":4},"end":{"line":19,"column":29}},"12":{"start":{"line":19,"column":17},"end":{"line":19,"column":29}},"13":{"start":{"line":21,"column":4},"end":{"line":21,"column":58}},"14":{"start":{"line":22,"column":4},"end":{"line":22,"column":45}},"15":{"start":{"line":24,"column":4},"end":{"line":24,"column":18}},"16":{"start":{"line":27,"column":0},"end":{"line":47,"column":2}},"17":{"start":{"line":28,"column":19},"end":{"line":28,"column":50}},"18":{"start":{"line":29,"column":4},"end":{"line":29,"column":53}},"19":{"start":{"line":29,"column":17},"end":{"line":29,"column":53}},"20":{"start":{"line":30,"column":4},"end":{"line":30,"column":103}},"21":{"start":{"line":30,"column":56},"end":{"line":30,"column":103}},"22":{"start":{"line":32,"column":22},"end":{"line":32,"column":96}},"23":{"start":{"line":32,"column":53},"end":{"line":32,"column":95}},"24":{"start":{"line":34,"column":4},"end":{"line":44,"column":5}},"25":{"start":{"line":36,"column":8},"end":{"line":36,"column":44}},"26":{"start":{"line":37,"column":8},"end":{"line":37,"column":21}},"27":{"start":{"line":38,"column":8},"end":{"line":38,"column":81}},"28":{"start":{"line":41,"column":8},"end":{"line":41,"column":42}},"29":{"start":{"line":42,"column":8},"end":{"line":42,"column":22}},"30":{"start":{"line":43,"column":8},"end":{"line":43,"column":82}},"31":{"start":{"line":45,"column":4},"end":{"line":45,"column":24}},"32":{"start":{"line":46,"column":4},"end":{"line":46,"column":53}},"33":{"start":{"line":49,"column":0},"end":{"line":53,"column":2}},"34":{"start":{"line":50,"column":19},"end":{"line":50,"column":92}},"35":{"start":{"line":51,"column":4},"end":{"line":51,"column":53}},"36":{"start":{"line":51,"column":17},"end":{"line":51,"column":53}},"37":{"start":{"line":52,"column":4},"end":{"line":52,"column":24}},"38":{"start":{"line":55,"column":0},"end":{"line":67,"column":2}},"39":{"start":{"line":56,"column":19},"end":{"line":56,"column":50}},"40":{"start":{"line":57,"column":4},"end":{"line":57,"column":46}},"41":{"start":{"line":57,"column":17},"end":{"line":57,"column":46}},"42":{"start":{"line":59,"column":4},"end":{"line":61,"column":5}},"43":{"start":{"line":60,"column":8},"end":{"line":60,"column":37}},"44":{"start":{"line":63,"column":4},"end":{"line":63,"column":32}},"45":{"start":{"line":64,"column":4},"end":{"line":64,"column":24}},"46":{"start":{"line":66,"column":4},"end":{"line":66,"column":18}},"47":{"start":{"line":69,"column":0},"end":{"line":74,"column":2}},"48":{"start":{"line":70,"column":4},"end":{"line":73,"column":33}}},"fnMap":{"0":{"name":"(anonymous_0)","decl":{"start":{"line":5,"column":23},"end":{"line":5,"column":24}},"loc":{"start":{"line":5,"column":71},"end":{"line":9,"column":1}},"line":5},"1":{"name":"(anonymous_1)","decl":{"start":{"line":11,"column":31},"end":{"line":11,"column":32}},"loc":{"start":{"line":11,"column":53},"end":{"line":15,"column":1}},"line":11},"2":{"name":"(anonymous_2)","decl":{"start":{"line":17,"column":27},"end":{"line":17,"column":28}},"loc":{"start":{"line":17,"column":47},"end":{"line":25,"column":1}},"line":17},"3":{"name":"(anonymous_3)","decl":{"start":{"line":27,"column":21},"end":{"line":27,"column":22}},"loc":{"start":{"line":27,"column":49},"end":{"line":47,"column":1}},"line":27},"4":{"name":"(anonymous_4)","decl":{"start":{"line":32,"column":45},"end":{"line":32,"column":46}},"loc":{"start":{"line":32,"column":53},"end":{"line":32,"column":95}},"line":32},"5":{"name":"(anonymous_5)","decl":{"start":{"line":49,"column":25},"end":{"line":49,"column":26}},"loc":{"start":{"line":49,"column":45},"end":{"line":53,"column":1}},"line":49},"6":{"name":"(anonymous_6)","decl":{"start":{"line":55,"column":23},"end":{"line":55,"column":24}},"loc":{"start":{"line":55,"column":63},"end":{"line":67,"column":1}},"line":55},"7":{"name":"(anonymous_7)","decl":{"start":{"line":69,"column":24},"end":{"line":69,"column":25}},"loc":{"start":{"line":69,"column":36},"end":{"line":74,"column":1}},"line":69}},"branchMap":{"0":{"loc":{"start":{"line":19,"column":4},"end":{"line":19,"column":29}},"type":"if","locations":[{"start":{"line":19,"column":4},"end":{"line":19,"column":29}},{"start":{},"end":{}}],"line":19},"1":{"loc":{"start":{"line":29,"column":4},"end":{"line":29,"column":53}},"type":"if","locations":[{"start":{"line":29,"column":4},"end":{"line":29,"column":53}},{"start":{},"end":{}}],"line":29},"2":{"loc":{"start":{"line":30,"column":4},"end":{"line":30,"column":103}},"type":"if","locations":[{"start":{"line":30,"column":4},"end":{"line":30,"column":103}},{"start":{},"end":{}}],"line":30},"3":{"loc":{"start":{"line":34,"column":4},"end":{"line":44,"column":5}},"type":"if","locations":[{"start":{"line":34,"column":4},"end":{"line":44,"column":5}},{"start":{"line":39,"column":11},"end":{"line":44,"column":5}}],"line":34},"4":{"loc":{"start":{"line":51,"column":4},"end":{"line":51,"column":53}},"type":"if","locations":[{"start":{"line":51,"column":4},"end":{"line":51,"column":53}},{"start":{},"end":{}}],"line":51},"5":{"loc":{"start":{"line":57,"column":4},"end":{"line":57,"column":46}},"type":"if","locations":[{"start":{"line":57,"column":4},"end":{"line":57,"column":46}},{"start":{},"end":{}}],"line":57},"6":{"loc":{"start":{"line":59,"column":4},"end":{"line":61,"column":5}},"type":"if","locations":[{"start":{"line":59,"column":4},"end":{"line":61,"column":5}},{"start":{},"end":{}}],"line":59}},"s":{"0":0,"1":0,"2":0,"3":0,"4":0,"5":0,"6":0,"7":0,"8":0,"9":0,"10":0,"11":0,"12":0,"13":0,"14":0,"15":0,"16":0,"17":0,"18":0,"19":0,"20":0,"21":0,"22":0,"23":0,"24":0,"25":0,"26":0,"27":0,"28":0,"29":0,"30":0,"31":0,"32":0,"33":0,"34":0,"35":0,"36":0,"37":0,"38":0,"39":0,"40":0,"41":0,"42":0,"43":0,"44":0,"45":0,"46":0,"47":0,"48":0},"f":{"0":0,"1":0,"2":0,"3":0,"4":0,"5":0,"6":0,"7":0},"b":{"0":[0,0],"1":[0,0],"2":[0,0],"3":[0,0],"4":[0,0],"5":[0,0],"6":[0,0]}}
,"C:\\Users\\asus\\Desktop\\BackEnd-stackoverflow\\services\\authService.js": {"path":"C:\\Users\\asus\\Desktop\\BackEnd-stackoverflow\\services\\authService.js","statementMap":{"0":{"start":{"line":1,"column":15},"end":{"line":1,"column":34}},"1":{"start":{"line":2,"column":12},"end":{"line":2,"column":35}},"2":{"start":{"line":3,"column":13},"end":{"line":3,"column":38}},"3":{"start":{"line":4,"column":54},"end":{"line":4,"column":77}},"4":{"start":{"line":5,"column":29},"end":{"line":5,"column":55}},"5":{"start":{"line":7,"column":0},"end":{"line":16,"column":2}},"6":{"start":{"line":8,"column":21},"end":{"line":8,"column":50}},"7":{"start":{"line":9,"column":4},"end":{"line":9,"column":58}},"8":{"start":{"line":9,"column":18},"end":{"line":9,"column":58}},"9":{"start":{"line":11,"column":19},"end":{"line":11,"column":50}},"10":{"start":{"line":12,"column":17},"end":{"line":12,"column":73}},"11":{"start":{"line":14,"column":4},"end":{"line":14,"column":44}},"12":{"start":{"line":15,"column":4},"end":{"line":15,"column":16}},"13":{"start":{"line":18,"column":0},"end":{"line":29,"column":2}},"14":{"start":{"line":19,"column":17},"end":{"line":19,"column":46}},"15":{"start":{"line":20,"column":4},"end":{"line":20,"column":54}},"16":{"start":{"line":20,"column":15},"end":{"line":20,"column":54}},"17":{"start":{"line":22,"column":20},"end":{"line":22,"column":65}},"18":{"start":{"line":23,"column":4},"end":{"line":23,"column":57}},"19":{"start":{"line":23,"column":18},"end":{"line":23,"column":57}},"20":{"start":{"line":25,"column":24},"end":{"line":25,"column":49}},"21":{"start":{"line":26,"column":25},"end":{"line":26,"column":51}},"22":{"start":{"line":28,"column":4},"end":{"line":28,"column":41}},"23":{"start":{"line":31,"column":0},"end":{"line":38,"column":2}},"24":{"start":{"line":32,"column":20},"end":{"line":32,"column":69}},"25":{"start":{"line":33,"column":17},"end":{"line":33,"column":68}},"26":{"start":{"line":34,"column":4},"end":{"line":34,"column":49}},"27":{"start":{"line":34,"column":15},"end":{"line":34,"column":49}},"28":{"start":{"line":36,"column":27},"end":{"line":36,"column":52}},"29":{"start":{"line":37,"column":4},"end":{"line":37,"column":26}}},"fnMap":{"0":{"name":"(anonymous_0)","decl":{"start":{"line":7,"column":19},"end":{"line":7,"column":20}},"loc":{"start":{"line":7,"column":60},"end":{"line":16,"column":1}},"line":7},"1":{"name":"(anonymous_1)","decl":{"start":{"line":18,"column":16},"end":{"line":18,"column":17}},"loc":{"start":{"line":18,"column":47},"end":{"line":29,"column":1}},"line":18},"2":{"name":"(anonymous_2)","decl":{"start":{"line":31,"column":23},"end":{"line":31,"column":24}},"loc":{"start":{"line":31,"column":40},"end":{"line":38,"column":1}},"line":31}},"branchMap":{"0":{"loc":{"start":{"line":9,"column":4},"end":{"line":9,"column":58}},"type":"if","locations":[{"start":{"line":9,"column":4},"end":{"line":9,"column":58}},{"start":{},"end":{}}],"line":9},"1":{"loc":{"start":{"line":20,"column":4},"end":{"line":20,"column":54}},"type":"if","locations":[{"start":{"line":20,"column":4},"end":{"line":20,"column":54}},{"start":{},"end":{}}],"line":20},"2":{"loc":{"start":{"line":23,"column":4},"end":{"line":23,"column":57}},"type":"if","locations":[{"start":{"line":23,"column":4},"end":{"line":23,"column":57}},{"start":{},"end":{}}],"line":23},"3":{"loc":{"start":{"line":34,"column":4},"end":{"line":34,"column":49}},"type":"if","locations":[{"start":{"line":34,"column":4},"end":{"line":34,"column":49}},{"start":{},"end":{}}],"line":34}},"s":{"0":3,"1":3,"2":3,"3":3,"4":3,"5":3,"6":2,"7":2,"8":1,"9":1,"10":1,"11":1,"12":1,"13":3,"14":3,"15":3,"16":1,"17":2,"18":2,"19":1,"20":1,"21":1,"22":1,"23":3,"24":3,"25":2,"26":2,"27":1,"28":1,"29":1},"f":{"0":2,"1":3,"2":3},"b":{"0":[1,1],"1":[1,2],"2":[1,1],"3":[1,1]},"_coverageSchema":"1a1c01bbd47fc00a2c39e90264f33305004495a9","hash":"21f10d01377f19fc8ae78ef1e5ca1b327064c5dd"}
,"C:\\Users\\asus\\Desktop\\BackEnd-stackoverflow\\services\\commentService.js": {"path":"C:\\Users\\asus\\Desktop\\BackEnd-stackoverflow\\services\\commentService.js","statementMap":{"0":{"start":{"line":1,"column":16},"end":{"line":1,"column":44}},"1":{"start":{"line":2,"column":13},"end":{"line":2,"column":38}},"2":{"start":{"line":4,"column":0},"end":{"line":22,"column":2}},"3":{"start":{"line":5,"column":20},"end":{"line":5,"column":53}},"4":{"start":{"line":6,"column":4},"end":{"line":6,"column":55}},"5":{"start":{"line":6,"column":18},"end":{"line":6,"column":55}},"6":{"start":{"line":7,"column":4},"end":{"line":7,"column":110}},"7":{"start":{"line":7,"column":57},"end":{"line":7,"column":110}},"8":{"start":{"line":9,"column":22},"end":{"line":9,"column":97}},"9":{"start":{"line":9,"column":54},"end":{"line":9,"column":96}},"10":{"start":{"line":11,"column":4},"end":{"line":19,"column":5}},"11":{"start":{"line":12,"column":8},"end":{"line":12,"column":45}},"12":{"start":{"line":13,"column":8},"end":{"line":13,"column":21}},"13":{"start":{"line":14,"column":8},"end":{"line":14,"column":82}},"14":{"start":{"line":16,"column":8},"end":{"line":16,"column":43}},"15":{"start":{"line":17,"column":8},"end":{"line":17,"column":22}},"16":{"start":{"line":18,"column":8},"end":{"line":18,"column":83}},"17":{"start":{"line":20,"column":4},"end":{"line":20,"column":25}},"18":{"start":{"line":21,"column":4},"end":{"line":21,"column":54}},"19":{"start":{"line":24,"column":0},"end":{"line":28,"column":2}},"20":{"start":{"line":25,"column":20},"end":{"line":25,"column":95}},"21":{"start":{"line":26,"column":4},"end":{"line":26,"column":55}},"22":{"start":{"line":26,"column":18},"end":{"line":26,"column":55}},"23":{"start":{"line":27,"column":4},"end":{"line":27,"column":25}},"24":{"start":{"line":30,"column":0},"end":{"line":34,"column":2}},"25":{"start":{"line":31,"column":20},"end":{"line":31,"column":91}},"26":{"start":{"line":32,"column":4},"end":{"line":32,"column":70}},"27":{"start":{"line":33,"column":4},"end":{"line":33,"column":19}},"28":{"start":{"line":36,"column":0},"end":{"line":40,"column":2}},"29":{"start":{"line":37,"column":4},"end":{"line":39,"column":32}},"30":{"start":{"line":42,"column":0},"end":{"line":44,"column":2}},"31":{"start":{"line":43,"column":4},"end":{"line":43,"column":41}},"32":{"start":{"line":46,"column":0},"end":{"line":52,"column":2}},"33":{"start":{"line":47,"column":26},"end":{"line":47,"column":74}},"34":{"start":{"line":48,"column":4},"end":{"line":50,"column":5}},"35":{"start":{"line":49,"column":8},"end":{"line":49,"column":58}},"36":{"start":{"line":51,"column":4},"end":{"line":51,"column":47}},"37":{"start":{"line":54,"column":0},"end":{"line":59,"column":2}},"38":{"start":{"line":55,"column":21},"end":{"line":55,"column":61}},"39":{"start":{"line":56,"column":4},"end":{"line":58,"column":5}},"40":{"start":{"line":57,"column":8},"end":{"line":57,"column":60}},"41":{"start":{"line":61,"column":0},"end":{"line":66,"column":2}},"42":{"start":{"line":62,"column":4},"end":{"line":65,"column":5}},"43":{"start":{"line":63,"column":23},"end":{"line":63,"column":50}},"44":{"start":{"line":64,"column":8},"end":{"line":64,"column":88}},"45":{"start":{"line":68,"column":0},"end":{"line":73,"column":2}},"46":{"start":{"line":69,"column":4},"end":{"line":72,"column":33}}},"fnMap":{"0":{"name":"(anonymous_0)","decl":{"start":{"line":4,"column":21},"end":{"line":4,"column":22}},"loc":{"start":{"line":4,"column":50},"end":{"line":22,"column":1}},"line":4},"1":{"name":"(anonymous_1)","decl":{"start":{"line":9,"column":46},"end":{"line":9,"column":47}},"loc":{"start":{"line":9,"column":54},"end":{"line":9,"column":96}},"line":9},"2":{"name":"(anonymous_2)","decl":{"start":{"line":24,"column":25},"end":{"line":24,"column":26}},"loc":{"start":{"line":24,"column":46},"end":{"line":28,"column":1}},"line":24},"3":{"name":"(anonymous_3)","decl":{"start":{"line":30,"column":24},"end":{"line":30,"column":25}},"loc":{"start":{"line":30,"column":85},"end":{"line":34,"column":1}},"line":30},"4":{"name":"(anonymous_4)","decl":{"start":{"line":36,"column":30},"end":{"line":36,"column":31}},"loc":{"start":{"line":36,"column":50},"end":{"line":40,"column":1}},"line":36},"5":{"name":"(anonymous_5)","decl":{"start":{"line":42,"column":24},"end":{"line":42,"column":25}},"loc":{"start":{"line":42,"column":38},"end":{"line":44,"column":1}},"line":42},"6":{"name":"(anonymous_6)","decl":{"start":{"line":46,"column":35},"end":{"line":46,"column":36}},"loc":{"start":{"line":46,"column":56},"end":{"line":52,"column":1}},"line":46},"7":{"name":"(anonymous_7)","decl":{"start":{"line":54,"column":33},"end":{"line":54,"column":34}},"loc":{"start":{"line":54,"column":53},"end":{"line":59,"column":1}},"line":54},"8":{"name":"(anonymous_8)","decl":{"start":{"line":61,"column":43},"end":{"line":61,"column":44}},"loc":{"start":{"line":61,"column":62},"end":{"line":66,"column":1}},"line":61},"9":{"name":"(anonymous_9)","decl":{"start":{"line":68,"column":25},"end":{"line":68,"column":26}},"loc":{"start":{"line":68,"column":37},"end":{"line":73,"column":1}},"line":68}},"branchMap":{"0":{"loc":{"start":{"line":6,"column":4},"end":{"line":6,"column":55}},"type":"if","locations":[{"start":{"line":6,"column":4},"end":{"line":6,"column":55}},{"start":{},"end":{}}],"line":6},"1":{"loc":{"start":{"line":7,"column":4},"end":{"line":7,"column":110}},"type":"if","locations":[{"start":{"line":7,"column":4},"end":{"line":7,"column":110}},{"start":{},"end":{}}],"line":7},"2":{"loc":{"start":{"line":11,"column":4},"end":{"line":19,"column":5}},"type":"if","locations":[{"start":{"line":11,"column":4},"end":{"line":19,"column":5}},{"start":{"line":15,"column":11},"end":{"line":19,"column":5}}],"line":11},"3":{"loc":{"start":{"line":26,"column":4},"end":{"line":26,"column":55}},"type":"if","locations":[{"start":{"line":26,"column":4},"end":{"line":26,"column":55}},{"start":{},"end":{}}],"line":26},"4":{"loc":{"start":{"line":62,"column":4},"end":{"line":65,"column":5}},"type":"if","locations":[{"start":{"line":62,"column":4},"end":{"line":65,"column":5}},{"start":{},"end":{}}],"line":62}},"s":{"0":0,"1":0,"2":0,"3":0,"4":0,"5":0,"6":0,"7":0,"8":0,"9":0,"10":0,"11":0,"12":0,"13":0,"14":0,"15":0,"16":0,"17":0,"18":0,"19":0,"20":0,"21":0,"22":0,"23":0,"24":0,"25":0,"26":0,"27":0,"28":0,"29":0,"30":0,"31":0,"32":0,"33":0,"34":0,"35":0,"36":0,"37":0,"38":0,"39":0,"40":0,"41":0,"42":0,"43":0,"44":0,"45":0,"46":0},"f":{"0":0,"1":0,"2":0,"3":0,"4":0,"5":0,"6":0,"7":0,"8":0,"9":0},"b":{"0":[0,0],"1":[0,0],"2":[0,0],"3":[0,0],"4":[0,0]}}
[...]
rt":{"line":163,"column":4},"end":{"line":163,"column":21}}},"fnMap":{"0":{"name":"(anonymous_0)","decl":{"start":{"line":8,"column":25},"end":{"line":8,"column":26}},"loc":{"start":{"line":8,"column":77},"end":{"line":12,"column":1}},"line":8},"1":{"name":"(anonymous_1)","decl":{"start":{"line":14,"column":26},"end":{"line":14,"column":27}},"loc":{"start":{"line":14,"column":38},"end":{"line":19,"column":1}},"line":14},"2":{"name":"(anonymous_2)","decl":{"start":{"line":21,"column":26},"end":{"line":21,"column":27}},"loc":{"start":{"line":21,"column":40},"end":{"line":25,"column":1}},"line":21},"3":{"name":"(anonymous_3)","decl":{"start":{"line":27,"column":32},"end":{"line":27,"column":33}},"loc":{"start":{"line":27,"column":54},"end":{"line":33,"column":1}},"line":27},"4":{"name":"(anonymous_4)","decl":{"start":{"line":35,"column":25},"end":{"line":35,"column":26}},"loc":{"start":{"line":35,"column":47},"end":{"line":41,"column":1}},"line":35},"5":{"name":"(anonymous_5)","decl":{"start":{"line":43,"column":23},"end":{"line":43,"column":24}},"loc":{"start":{"line":43,"column":53},"end":{"line":61,"column":1}},"line":43},"6":{"name":"(anonymous_6)","decl":{"start":{"line":63,"column":25},"end":{"line":63,"column":26}},"loc":{"start":{"line":63,"column":53},"end":{"line":74,"column":1}},"line":63},"7":{"name":"(anonymous_7)","decl":{"start":{"line":76,"column":25},"end":{"line":76,"column":26}},"loc":{"start":{"line":76,"column":45},"end":{"line":93,"column":1}},"line":76},"8":{"name":"(anonymous_8)","decl":{"start":{"line":95,"column":26},"end":{"line":95,"column":27}},"loc":{"start":{"line":95,"column":51},"end":{"line":119,"column":1}},"line":95},"9":{"name":"(anonymous_9)","decl":{"start":{"line":121,"column":26},"end":{"line":121,"column":27}},"loc":{"start":{"line":121,"column":58},"end":{"line":147,"column":1}},"line":121},"10":{"name":"(anonymous_10)","decl":{"start":{"line":149,"column":39},"end":{"line":149,"column":40}},"loc":{"start":{"line":149,"column":78},"end":{"line":164,"column":1}},"line":149}},"branchMap":{"0":{"loc":{"start":{"line":45,"column":4},"end":{"line":45,"column":57}},"type":"if","locations":[{"start":{"line":45,"column":4},"end":{"line":45,"column":57}},{"start":{},"end":{}}],"line":45},"1":{"loc":{"start":{"line":49,"column":4},"end":{"line":53,"column":5}},"type":"if","locations":[{"start":{"line":49,"column":4},"end":{"line":53,"column":5}},{"start":{"line":51,"column":11},"end":{"line":53,"column":5}}],"line":49},"2":{"loc":{"start":{"line":67,"column":4},"end":{"line":67,"column":48}},"type":"if","locations":[{"start":{"line":67,"column":4},"end":{"line":67,"column":48}},{"start":{},"end":{}}],"line":67},"3":{"loc":{"start":{"line":69,"column":4},"end":{"line":71,"column":5}},"type":"if","locations":[{"start":{"line":69,"column":4},"end":{"line":71,"column":5}},{"start":{},"end":{}}],"line":69},"4":{"loc":{"start":{"line":78,"column":4},"end":{"line":78,"column":48}},"type":"if","locations":[{"start":{"line":78,"column":4},"end":{"line":78,"column":48}},{"start":{},"end":{}}],"line":78},"5":{"loc":{"start":{"line":82,"column":4},"end":{"line":82,"column":59}},"type":"if","locations":[{"start":{"line":82,"column":4},"end":{"line":82,"column":59}},{"start":{},"end":{}}],"line":82},"6":{"loc":{"start":{"line":82,"column":8},"end":{"line":82,"column":28}},"type":"binary-expr","locations":[{"start":{"line":82,"column":8},"end":{"line":82,"column":16}},{"start":{"line":82,"column":20},"end":{"line":82,"column":28}}],"line":82},"7":{"loc":{"start":{"line":98,"column":4},"end":{"line":100,"column":5}},"type":"if","locations":[{"start":{"line":98,"column":4},"end":{"line":100,"column":5}},{"start":{},"end":{}}],"line":98},"8":{"loc":{"start":{"line":103,"column":4},"end":{"line":103,"column":55}},"type":"if","locations":[{"start":{"line":103,"column":4},"end":{"line":103,"column":55}},{"start":{},"end":{}}],"line":103},"9":{"loc":{"start":{"line":104,"column":4},"end":{"line":104,"column":62}},"type":"if","locations":[{"start":{"line":104,"column":4},"end":{"line":104,"column":62}},{"start":{},"end":{}}],"line":104},"10":{"loc":{"start":{"line":124,"column":4},"end":{"line":126,"column":5}},"type":"if","locations":[{"start":{"line":124,"column":4},"end":{"line":126,"column":5}},{"start":{},"end":{}}],"line":124},"11":{"loc":{"start":{"line":128,"column":4},"end":{"line":130,"column":5}},"type":"if","locations":[{"start":{"line":128,"column":4},"end":{"line":130,"column":5}},{"start":{},"end":{}}],"line":128},"12":{"loc":{"start":{"line":132,"column":4},"end":{"line":132,"column":55}},"type":"if","locations":[{"start":{"line":132,"column":4},"end":{"line":132,"column":55}},{"start":{},"end":{}}],"line":132},"13":{"loc":{"start":{"line":133,"column":4},"end":{"line":133,"column":62}},"type":"if","locations":[{"start":{"line":133,"column":4},"end":{"line":133,"column":62}},{"start":{},"end":{}}],"line":133},"14":{"loc":{"start":{"line":154,"column":4},"end":{"line":156,"column":5}},"type":"if","locations":[{"start":{"line":154,"column":4},"end":{"line":156,"column":5}},{"start":{},"end":{}}],"line":154},"15":{"loc":{"start":{"line":154,"column":8},"end":{"line":154,"column":76}},"type":"binary-expr","locations":[{"start":{"line":154,"column":8},"end":{"line":154,"column":20}},{"start":{"line":154,"column":24},"end":{"line":154,"column":76}}],"line":154}},"s":{"0":0,"1":0,"2":0,"3":0,"4":0,"5":0,"6":0,"7":0,"8":0,"9":0,"10":0,"11":0,"12":0,"13":0,"14":0,"15":0,"16":0,"17":0,"18":0,"19":0,"20":0,"21":0,"22":0,"23":0,"24":0,"25":0,"26":0,"27":0,"28":0,"29":0,"30":0,"31":0,"32":0,"33":0,"34":0,"35":0,"36":0,"37":0,"38":0,"39":0,"40":0,"41":0,"42":0,"43":0,"44":0,"45":0,"46":0,"47":0,"48":0,"49":0,"50":0,"51":0,"52":0,"53":0,"54":0,"55":0,"56":0,"57":0,"58":0,"59":0,"60":0,"61":0,"62":0,"63":0,"64":0,"65":0,"66":0,"67":0,"68":0,"69":0,"70":0,"71":0,"72":0,"73":0,"74":0,"75":0,"76":0,"77":0},"f":{"0":0,"1":0,"2":0,"3":0,"4":0,"5":0,"6":0,"7":0,"8":0,"9":0,"10":0},"b":{"0":[0,0],"1":[0,0],"2":[0,0],"3":[0,0],"4":[0,0],"5":[0,0],"6":[0,0],"7":[0,0],"8":[0,0],"9":[0,0],"10":[0,0],"11":[0,0],"12":[0,0],"13":[0,0],"14":[0,0],"15":[0,0]}}
,"C:\\Users\\asus\\Desktop\\BackEnd-stackoverflow\\services\\reportService.js": {"path":"C:\\Users\\asus\\Desktop\\BackEnd-stackoverflow\\services\\reportService.js","statementMap":{"0":{"start":{"line":1,"column":15},"end":{"line":1,"column":42}},"1":{"start":{"line":2,"column":17},"end":{"line":2,"column":46}},"2":{"start":{"line":3,"column":15},"end":{"line":3,"column":42}},"3":{"start":{"line":4,"column":16},"end":{"line":4,"column":44}},"4":{"start":{"line":5,"column":13},"end":{"line":5,"column":38}},"5":{"start":{"line":6,"column":24},"end":{"line":6,"column":52}},"6":{"start":{"line":7,"column":22},"end":{"line":7,"column":48}},"7":{"start":{"line":8,"column":23},"end":{"line":8,"column":50}},"8":{"start":{"line":11,"column":0},"end":{"line":13,"column":2}},"9":{"start":{"line":12,"column":4},"end":{"line":12,"column":69}},"10":{"start":{"line":15,"column":0},"end":{"line":17,"column":2}},"11":{"start":{"line":16,"column":4},"end":{"line":16,"column":88}},"12":{"start":{"line":19,"column":0},"end":{"line":21,"column":2}},"13":{"start":{"line":20,"column":4},"end":{"line":20,"column":87}},"14":{"start":{"line":23,"column":0},"end":{"line":49,"column":2}},"15":{"start":{"line":24,"column":24},"end":{"line":24,"column":28}},"16":{"start":{"line":25,"column":4},"end":{"line":32,"column":5}},"17":{"start":{"line":26,"column":18},"end":{"line":26,"column":58}},"18":{"start":{"line":27,"column":8},"end":{"line":27,"column":23}},"19":{"start":{"line":27,"column":16},"end":{"line":27,"column":23}},"20":{"start":{"line":28,"column":8},"end":{"line":28,"column":33}},"21":{"start":{"line":29,"column":8},"end":{"line":29,"column":83}},"22":{"start":{"line":30,"column":8},"end":{"line":30,"column":98}},"23":{"start":{"line":33,"column":4},"end":{"line":40,"column":5}},"24":{"start":{"line":34,"column":18},"end":{"line":34,"column":56}},"25":{"start":{"line":35,"column":8},"end":{"line":35,"column":23}},"26":{"start":{"line":35,"column":16},"end":{"line":35,"column":23}},"27":{"start":{"line":36,"column":8},"end":{"line":36,"column":33}},"28":{"start":{"line":37,"column":8},"end":{"line":37,"column":83}},"29":{"start":{"line":38,"column":8},"end":{"line":38,"column":52}},"30":{"start":{"line":41,"column":4},"end":{"line":48,"column":5}},"31":{"start":{"line":42,"column":18},"end":{"line":42,"column":57}},"32":{"start":{"line":43,"column":8},"end":{"line":43,"column":23}},"33":{"start":{"line":43,"column":16},"end":{"line":43,"column":23}},"34":{"start":{"line":44,"column":8},"end":{"line":44,"column":33}},"35":{"start":{"line":45,"column":8},"end":{"line":45,"column":82}},"36":{"start":{"line":46,"column":8},"end":{"line":46,"column":61}}},"fnMap":{"0":{"name":"(anonymous_0)","decl":{"start":{"line":11,"column":23},"end":{"line":11,"column":24}},"loc":{"start":{"line":11,"column":71},"end":{"line":13,"column":1}},"line":11},"1":{"name":"(anonymous_1)","decl":{"start":{"line":15,"column":24},"end":{"line":15,"column":25}},"loc":{"start":{"line":15,"column":36},"end":{"line":17,"column":1}},"line":15},"2":{"name":"(anonymous_2)","decl":{"start":{"line":19,"column":24},"end":{"line":19,"column":25}},"loc":{"start":{"line":19,"column":52},"end":{"line":21,"column":1}},"line":19},"3":{"name":"(anonymous_3)","decl":{"start":{"line":23,"column":26},"end":{"line":23,"column":27}},"loc":{"start":{"line":23,"column":55},"end":{"line":49,"column":1}},"line":23}},"branchMap":{"0":{"loc":{"start":{"line":25,"column":4},"end":{"line":32,"column":5}},"type":"if","locations":[{"start":{"line":25,"column":4},"end":{"line":32,"column":5}},{"start":{},"end":{}}],"line":25},"1":{"loc":{"start":{"line":27,"column":8},"end":{"line":27,"column":23}},"type":"if","locations":[{"start":{"line":27,"column":8},"end":{"line":27,"column":23}},{"start":{},"end":{}}],"line":27},"2":{"loc":{"start":{"line":30,"column":52},"end":{"line":30,"column":96}},"type":"binary-expr","locations":[{"start":{"line":30,"column":52},"end":{"line":30,"column":61}},{"start":{"line":30,"column":65},"end":{"line":30,"column":96}}],"line":30},"3":{"loc":{"start":{"line":33,"column":4},"end":{"line":40,"column":5}},"type":"if","locations":[{"start":{"line":33,"column":4},"end":{"line":40,"column":5}},{"start":{},"end":{}}],"line":33},"4":{"loc":{"start":{"line":35,"column":8},"end":{"line":35,"column":23}},"type":"if","locations":[{"start":{"line":35,"column":8},"end":{"line":35,"column":23}},{"start":{},"end":{}}],"line":35},"5":{"loc":{"start":{"line":41,"column":4},"end":{"line":48,"column":5}},"type":"if","locations":[{"start":{"line":41,"column":4},"end":{"line":48,"column":5}},{"start":{},"end":{}}],"line":41},"6":{"loc":{"start":{"line":43,"column":8},"end":{"line":43,"column":23}},"type":"if","locations":[{"start":{"line":43,"column":8},"end":{"line":43,"column":23}},{"start":{},"end":{}}],"line":43}},"s":{"0":0,"1":0,"2":0,"3":0,"4":0,"5":0,"6":0,"7":0,"8":0,"9":0,"10":0,"11":0,"12":0,"13":0,"14":0,"15":0,"16":0,"17":0,"18":0,"19":0,"20":0,"21":0,"22":0,"23":0,"24":0,"25":0,"26":0,"27":0,"28":0,"29":0,"30":0,"31":0,"32":0,"33":0,"34":0,"35":0,"36":0},"f":{"0":0,"1":0,"2":0,"3":0},"b":{"0":[0,0],"1":[0,0],"2":[0,0],"3":[0,0],"4":[0,0],"5":[0,0],"6":[0,0]}}
,"C:\\Users\\asus\\Desktop\\BackEnd-stackoverflow\\services\\tagservice.js": {"path":"C:\\Users\\asus\\Desktop\\BackEnd-stackoverflow\\services\\tagservice.js","statementMap":{"0":{"start":{"line":1,"column":12},"end":{"line":1,"column":36}},"1":{"start":{"line":2,"column":17},"end":{"line":2,"column":46}},"2":{"start":{"line":4,"column":0},"end":{"line":6,"column":2}},"3":{"start":{"line":5,"column":4},"end":{"line":5,"column":52}},"4":{"start":{"line":8,"column":0},"end":{"line":12,"column":2}},"5":{"start":{"line":9,"column":19},"end":{"line":9,"column":73}},"6":{"start":{"line":10,"column":4},"end":{"line":10,"column":46}},"7":{"start":{"line":10,"column":16},"end":{"line":10,"column":46}},"8":{"start":{"line":11,"column":4},"end":{"line":11,"column":64}},"9":{"start":{"line":14,"column":0},"end":{"line":16,"column":2}},"10":{"start":{"line":15,"column":4},"end":{"line":15,"column":64}},"11":{"start":{"line":18,"column":0},"end":{"line":20,"column":2}},"12":{"start":{"line":19,"column":4},"end":{"line":19,"column":43}},"13":{"start":{"line":22,"column":0},"end":{"line":26,"column":2}},"14":{"start":{"line":23,"column":4},"end":{"line":25,"column":58}},"15":{"start":{"line":28,"column":0},"end":{"line":54,"column":2}},"16":{"start":{"line":29,"column":16},"end":{"line":51,"column":6}},"17":{"start":{"line":53,"column":4},"end":{"line":53,"column":15}}},"fnMap":{"0":{"name":"(anonymous_0)","decl":{"start":{"line":4,"column":21},"end":{"line":4,"column":22}},"loc":{"start":{"line":4,"column":33},"end":{"line":6,"column":1}},"line":4},"1":{"name":"(anonymous_1)","decl":{"start":{"line":8,"column":20},"end":{"line":8,"column":21}},"loc":{"start":{"line":8,"column":53},"end":{"line":12,"column":1}},"line":8},"2":{"name":"(anonymous_2)","decl":{"start":{"line":14,"column":20},"end":{"line":14,"column":21}},"loc":{"start":{"line":14,"column":40},"end":{"line":16,"column":1}},"line":14},"3":{"name":"(anonymous_3)","decl":{"start":{"line":18,"column":20},"end":{"line":18,"column":21}},"loc":{"start":{"line":18,"column":34},"end":{"line":20,"column":1}},"line":18},"4":{"name":"(anonymous_4)","decl":{"start":{"line":22,"column":28},"end":{"line":22,"column":29}},"loc":{"start":{"line":22,"column":45},"end":{"line":26,"column":1}},"line":22},"5":{"name":"(anonymous_5)","decl":{"start":{"line":28,"column":25},"end":{"line":28,"column":26}},"loc":{"start":{"line":28,"column":47},"end":{"line":54,"column":1}},"line":28}},"branchMap":{"0":{"loc":{"start":{"line":10,"column":4},"end":{"line":10,"column":46}},"type":"if","locations":[{"start":{"line":10,"column":4},"end":{"line":10,"column":46}},{"start":{},"end":{}}],"line":10},"1":{"loc":{"start":{"line":28,"column":32},"end":{"line":28,"column":42}},"type":"default-arg","locations":[{"start":{"line":28,"column":40},"end":{"line":28,"column":42}}],"line":28}},"s":{"0":0,"1":0,"2":0,"3":0,"4":0,"5":0,"6":0,"7":0,"8":0,"9":0,"10":0,"11":0,"12":0,"13":0,"14":0,"15":0,"16":0,"17":0},"f":{"0":0,"1":0,"2":0,"3":0,"4":0,"5":0},"b":{"0":[0,0],"1":[0]}}
,"C:\\Users\\asus\\Desktop\\BackEnd-stackoverflow\\services\\userService.js": {"path":"C:\\Users\\asus\\Desktop\\BackEnd-stackoverflow\\services\\userService.js","statementMap":{"0":{"start":{"line":1,"column":13},"end":{"line":1,"column":38}},"1":{"start":{"line":2,"column":15},"end":{"line":2,"column":32}},"2":{"start":{"line":4,"column":0},"end":{"line":6,"column":2}},"3":{"start":{"line":5,"column":4},"end":{"line":5,"column":49}},"4":{"start":{"line":8,"column":0},"end":{"line":10,"column":2}},"5":{"start":{"line":9,"column":4},"end":{"line":9,"column":43}},"6":{"start":{"line":12,"column":0},"end":{"line":22,"column":2}},"7":{"start":{"line":13,"column":27},"end":{"line":13,"column":58}},"8":{"start":{"line":14,"column":17},"end":{"line":20,"column":6}},"9":{"start":{"line":21,"column":4},"end":{"line":21,"column":29}},"10":{"start":{"line":24,"column":0},"end":{"line":26,"column":2}},"11":{"start":{"line":25,"column":4},"end":{"line":25,"column":83}},"12":{"start":{"line":28,"column":0},"end":{"line":30,"column":2}},"13":{"start":{"line":29,"column":4},"end":{"line":29,"column":38}},"14":{"start":{"line":32,"column":0},"end":{"line":57,"column":2}},"15":{"start":{"line":33,"column":4},"end":{"line":35,"column":5}},"16":{"start":{"line":34,"column":8},"end":{"line":34,"column":46}},"17":{"start":{"line":37,"column":24},"end":{"line":37,"column":58}},"18":{"start":{"line":38,"column":23},"end":{"line":38,"column":56}},"19":{"start":{"line":39,"column":4},"end":{"line":39,"column":55}},"20":{"start":{"line":39,"column":21},"end":{"line":39,"column":55}},"21":{"start":{"line":41,"column":24},"end":{"line":41,"column":68}},"22":{"start":{"line":43,"column":4},"end":{"line":51,"column":5}},"23":{"start":{"line":45,"column":8},"end":{"line":45,"column":49}},"24":{"start":{"line":46,"column":8},"end":{"line":46,"column":49}},"25":{"start":{"line":49,"column":8},"end":{"line":49,"column":49}},"26":{"start":{"line":50,"column":8},"end":{"line":50,"column":49}},"27":{"start":{"line":53,"column":4},"end":{"line":53,"column":29}},"28":{"start":{"line":54,"column":4},"end":{"line":54,"column":28}},"29":{"start":{"line":56,"column":4},"end":{"line":56,"column":38}},"30":{"start":{"line":59,"column":0},"end":{"line":74,"column":2}},"31":{"start":{"line":60,"column":17},"end":{"line":61,"column":75}},"32":{"start":{"line":63,"column":4},"end":{"line":63,"column":49}},"33":{"start":{"line":63,"column":15},"end":{"line":63,"column":49}},"34":{"start":{"line":65,"column":4},"end":{"line":73,"column":6}}},"fnMap":{"0":{"name":"(anonymous_0)","decl":{"start":{"line":4,"column":22},"end":{"line":4,"column":23}},"loc":{"start":{"line":4,"column":36},"end":{"line":6,"column":1}},"line":4},"1":{"name":"(anonymous_1)","decl":{"start":{"line":8,"column":22},"end":{"line":8,"column":23}},"loc":{"start":{"line":8,"column":34},"end":{"line":10,"column":1}},"line":8},"2":{"name":"(anonymous_2)","decl":{"start":{"line":12,"column":21},"end":{"line":12,"column":22}},"loc":{"start":{"line":12,"column":76},"end":{"line":22,"column":1}},"line":12},"3":{"name":"(anonymous_3)","decl":{"start":{"line":24,"column":21},"end":{"line":24,"column":22}},"loc":{"start":{"line":24,"column":45},"end":{"line":26,"column":1}},"line":24},"4":{"name":"(anonymous_4)","decl":{"start":{"line":28,"column":21},"end":{"line":28,"column":22}},"loc":{"start":{"line":28,"column":35},"end":{"line":30,"column":1}},"line":28},"5":{"name":"(anonymous_5)","decl":{"start":{"line":32,"column":23},"end":{"line":32,"column":24}},"loc":{"start":{"line":32,"column":62},"end":{"line":57,"column":1}},"line":32},"6":{"name":"(anonymous_6)","decl":{"start":{"line":59,"column":27},"end":{"line":59,"column":28}},"loc":{"start":{"line":59,"column":45},"end":{"line":74,"column":1}},"line":59}},"branchMap":{"0":{"loc":{"start":{"line":18,"column":14},"end":{"line":18,"column":28}},"type":"binary-expr","locations":[{"start":{"line":18,"column":14},"end":{"line":18,"column":18}},{"start":{"line":18,"column":22},"end":{"line":18,"column":28}}],"line":18},"1":{"loc":{"start":{"line":19,"column":16},"end":{"line":19,"column":30}},"type":"binary-expr","locations":[{"start":{"line":19,"column":16},"end":{"line":19,"column":22}},{"start":{"line":19,"column":26},"end":{"line":19,"column":30}}],"line":19},"2":{"loc":{"start":{"line":33,"column":4},"end":{"line":35,"column":5}},"type":"if","locations":[{"start":{"line":33,"column":4},"end":{"line":35,"column":5}},{"start":{},"end":{}}],"line":33},"3":{"loc":{"start":{"line":39,"column":4},"end":{"line":39,"column":55}},"type":"if","locations":[{"start":{"line":39,"column":4},"end":{"line":39,"column":55}},{"start":{},"end":{}}],"line":39},"4":{"loc":{"start":{"line":43,"column":4},"end":{"line":51,"column":5}},"type":"if","locations":[{"start":{"line":43,"column":4},"end":{"line":51,"column":5}},{"start":{"line":47,"column":11},"end":{"line":51,"column":5}}],"line":43},"5":{"loc":{"start":{"line":63,"column":4},"end":{"line":63,"column":49}},"type":"if","locations":[{"start":{"line":63,"column":4},"end":{"line":63,"column":49}},{"start":{},"end":{}}],"line":63}},"s":{"0":3,"1":3,"2":3,"3":1,"4":3,"5":1,"6":3,"7":1,"8":1,"9":1,"10":3,"11":1,"12":3,"13":1,"14":3,"15":0,"16":0,"17":0,"18":0,"19":0,"20":0,"21":0,"22":0,"23":0,"24":0,"25":0,"26":0,"27":0,"28":0,"29":0,"30":3,"31":0,"32":0,"33":0,"34":0},"f":{"0":1,"1":1,"2":1,"3":1,"4":1,"5":0,"6":0},"b":{"0":[1,1],"1":[1,1],"2":[0,0],"3":[0,0],"4":[0,0],"5":[0,0]},"_coverageSchema":"1a1c01bbd47fc00a2c39e90264f33305004495a9","hash":"ecb16639db3671f1e550a78daae5192954dc0612"}
}
