{"C:\\Users\\asus\\Desktop\\BackEnd_Stackoverflow\\services\\answerService.js": {"path":"C:\\Users\\asus\\Desktop\\BackEnd_Stackoverflow\\services\\answerService.js","statementMap":{"0":{"start":{"line":1,"column":15},"end":{"line":1,"column":42}},"1":{"start":{"line":2,"column":23},"end":{"line":2,"column":50}},"2":{"start":{"line":4,"column":0},"end":{"line":6,"column":2}},"3":{"start":{"line":5,"column":4},"end":{"line":5,"column":62}},"4":{"start":{"line":8,"column":0},"end":{"line":12,"column":2}},"5":{"start":{"line":9,"column":4},"end":{"line":11,"column":33}},"6":{"start":{"line":14,"column":0},"end":{"line":22,"column":2}},"7":{"start":{"line":15,"column":19},"end":{"line":15,"column":50}},"8":{"start":{"line":16,"column":4},"end":{"line":16,"column":29}},"9":{"start":{"line":16,"column":17},"end":{"line":16,"column":29}},"10":{"start":{"line":18,"column":4},"end":{"line":18,"column":58}},"11":{"start":{"line":19,"column":4},"end":{"line":19,"column":45}},"12":{"start":{"line":21,"column":4},"end":{"line":21,"column":18}}},"fnMap":{"0":{"name":"(anonymous_0)","decl":{"start":{"line":4,"column":23},"end":{"line":4,"column":24}},"loc":{"start":{"line":4,"column":64},"end":{"line":6,"column":1}},"line":4},"1":{"name":"(anonymous_1)","decl":{"start":{"line":8,"column":31},"end":{"line":8,"column":32}},"loc":{"start":{"line":8,"column":53},"end":{"line":12,"column":1}},"line":8},"2":{"name":"(anonymous_2)","decl":{"start":{"line":14,"column":27},"end":{"line":14,"column":28}},"loc":{"start":{"line":14,"column":47},"end":{"line":22,"column":1}},"line":14}},"branchMap":{"0":{"loc":{"start":{"line":16,"column":4},"end":{"line":16,"column":29}},"type":"if","locations":[{"start":{"line":16,"column":4},"end":{"line":16,"column":29}},{"start":{},"end":{}}],"line":16}},"s":{"0":0,"1":0,"2":0,"3":0,"4":0,"5":0,"6":0,"7":0,"8":0,"9":0,"10":0,"11":0,"12":0},"f":{"0":0,"1":0,"2":0},"b":{"0":[0,0]}}
,"C:\\Users\\asus\\Desktop\\BackEnd_Stackoverflow\\services\\authService.js": {"path":"C:\\Users\\asus\\Desktop\\BackEnd_Stackoverflow\\services\\authService.js","statementMap":{"0":{"start":{"line":1,"column":15},"end":{"line":1,"column":34}},"1":{"start":{"line":2,"column":12},"end":{"line":2,"column":35}},"2":{"start":{"line":3,"column":13},"end":{"line":3,"column":38}},"3":{"start":{"line":4,"column":54},"end":{"line":4,"column":77}},"4":{"start":{"line":5,"column":29},"end":{"line":5,"column":55}},"5":{"start":{"line":7,"column":0},"end":{"line":16,"column":2}},"6":{"start":{"line":8,"column":21},"end":{"line":8,"column":50}},"7":{"start":{"line":9,"column":4},"end":{"line":9,"column":58}},"8":{"start":{"line":9,"column":18},"end":{"line":9,"column":58}},"9":{"start":{"line":11,"column":19},"end":{"line":11,"column":50}},"10":{"start":{"line":12,"column":17},"end":{"line":12,"column":73}},"11":{"start":{"line":14,"column":4},"end":{"line":14,"column":44}},"12":{"start":{"line":15,"column":4},"end":{"line":15,"column":16}},"13":{"start":{"line":18,"column":0},"end":{"line":29,"column":2}},"14":{"start":{"line":19,"column":17},"end":{"line":19,"column":46}},"15":{"start":{"line":20,"column":4},"end":{"line":20,"column":54}},"16":{"start":{"line":20,"column":15},"end":{"line":20,"column":54}},"17":{"start":{"line":22,"column":20},"end":{"line":22,"column":65}},"18":{"start":{"line":23,"column":4},"end":{"line":23,"column":57}},"19":{"start":{"line":23,"column":18},"end":{"line":23,"column":57}},"20":{"start":{"line":25,"column":24},"end":{"line":25,"column":49}},"21":{"start":{"line":26,"column":25},"end":{"line":26,"column":51}},"22":{"start":{"line":28,"column":4},"end":{"line":28,"column":41}},"23":{"start":{"line":31,"column":0},"end":{"line":38,"column":2}},"24":{"start":{"line":32,"column":20},"end":{"line":32,"column":69}},"25":{"start":{"line":33,"column":17},"end":{"line":33,"column":68}},"26":{"start":{"line":34,"column":4},"end":{"line":34,"column":49}},"27":{"start":{"line":34,"column":15},"end":{"line":34,"column":49}},"28":{"start":{"line":36,"column":27},"end":{"line":36,"column":52}},"29":{"start":{"line":37,"column":4},"end":{"line":37,"column":26}}},"fnMap":{"0":{"name":"(anonymous_0)","decl":{"start":{"line":7,"column":19},"end":{"line":7,"column":20}},"loc":{"start":{"line":7,"column":60},"end":{"line":16,"column":1}},"line":7},"1":{"name":"(anonymous_1)","decl":{"start":{"line":18,"column":16},"end":{"line":18,"column":17}},"loc":{"start":{"line":18,"column":47},"end":{"line":29,"column":1}},"line":18},"2":{"name":"(anonymous_2)","decl":{"start":{"line":31,"column":23},"end":{"line":31,"column":24}},"loc":{"start":{"line":31,"column":40},"end":{"line":38,"column":1}},"line":31}},"branchMap":{"0":{"loc":{"start":{"line":9,"column":4},"end":{"line":9,"column":58}},"type":"if","locations":[{"start":{"line":9,"column":4},"end":{"line":9,"column":58}},{"start":{},"end":{}}],"line":9},"1":{"loc":{"start":{"line":20,"column":4},"end":{"line":20,"column":54}},"type":"if","locations":[{"start":{"line":20,"column":4},"end":{"line":20,"column":54}},{"start":{},"end":{}}],"line":20},"2":{"loc":{"start":{"line":23,"column":4},"end":{"line":23,"column":57}},"type":"if","locations":[{"start":{"line":23,"column":4},"end":{"line":23,"column":57}},{"start":{},"end":{}}],"line":23},"3":{"loc":{"start":{"line":34,"column":4},"end":{"line":34,"column":49}},"type":"if","locations":[{"start":{"line":34,"column":4},"end":{"line":34,"column":49}},{"start":{},"end":{}}],"line":34}},"s":{"0":0,"1":0,"2":0,"3":0,"4":0,"5":0,"6":0,"7":0,"8":0,"9":0,"10":0,"11":0,"12":0,"13":0,"14":0,"15":0,"16":0,"17":0,"18":0,"19":0,"20":0,"21":0,"22":0,"23":0,"24":0,"25":0,"26":0,"27":0,"28":0,"29":0},"f":{"0":0,"1":0,"2":0},"b":{"0":[0,0],"1":[0,0],"2":[0,0],"3":[0,0]}}
,"C:\\Users\\asus\\Desktop\\BackEnd_Stackoverflow\\services\\commentService.js": {"path":"C:\\Users\\asus\\Desktop\\BackEnd_Stackoverflow\\services\\commentService.js","statementMap":{"0":{"start":{"line":2,"column":16},"end":{"line":2,"column":44}},"1":{"start":{"line":7,"column":0},"end":{"line":9,"column":2}},"2":{"start":{"line":8,"column":4},"end":{"line":8,"column":70}},"3":{"start":{"line":14,"column":0},"end":{"line":18,"column":2}},"4":{"start":{"line":15,"column":4},"end":{"line":17,"column":32}},"5":{"start":{"line":23,"column":0},"end":{"line":25,"column":2}},"6":{"start":{"line":24,"column":4},"end":{"line":24,"column":41}},"7":{"start":{"line":30,"column":0},"end":{"line":36,"column":2}},"8":{"start":{"line":31,"column":26},"end":{"line":31,"column":74}},"9":{"start":{"line":32,"column":4},"end":{"line":34,"column":5}},"10":{"start":{"line":33,"column":8},"end":{"line":33,"column":58}},"11":{"start":{"line":35,"column":4},"end":{"line":35,"column":47}},"12":{"start":{"line":41,"column":0},"end":{"line":46,"column":2}},"13":{"start":{"line":42,"column":21},"end":{"line":42,"column":61}},"14":{"start":{"line":43,"column":4},"end":{"line":45,"column":5}},"15":{"start":{"line":44,"column":8},"end":{"line":44,"column":60}},"16":{"start":{"line":51,"column":0},"end":{"line":56,"column":2}},"17":{"start":{"line":52,"column":4},"end":{"line":55,"column":5}},"18":{"start":{"line":53,"column":23},"end":{"line":53,"column":50}},"19":{"start":{"line":54,"column":8},"end":{"line":54,"column":88}}},"fnMap":{"0":{"name":"(anonymous_0)","decl":{"start":{"line":7,"column":24},"end":{"line":7,"column":25}},"loc":{"start":{"line":7,"column":78},"end":{"line":9,"column":1}},"line":7},"1":{"name":"(anonymous_1)","decl":{"start":{"line":14,"column":30},"end":{"line":14,"column":31}},"loc":{"start":{"line":14,"column":50},"end":{"line":18,"column":1}},"line":14},"2":{"name":"(anonymous_2)","decl":{"start":{"line":23,"column":24},"end":{"line":23,"column":25}},"loc":{"start":{"line":23,"column":38},"end":{"line":25,"column":1}},"line":23},"3":{"name":"(anonymous_3)","decl":{"start":{"line":30,"column":35},"end":{"line":30,"column":36}},"loc":{"start":{"line":30,"column":56},"end":{"line":36,"column":1}},"line":30},"4":{"name":"(anonymous_4)","decl":{"start":{"line":41,"column":33},"end":{"line":41,"column":34}},"loc":{"start":{"line":41,"column":53},"end":{"line":46,"column":1}},"line":41},"5":{"name":"(anonymous_5)","decl":{"start":{"line":51,"column":43},"end":{"line":51,"column":44}},"loc":{"start":{"line":51,"column":62},"end":{"line":56,"column":1}},"line":51}},"branchMap":{"0":{"loc":{"start":{"line":52,"column":4},"end":{"line":55,"column":5}},"type":"if","locations":[{"start":{"line":52,"column":4},"end":{"line":55,"column":5}},{"start":{},"end":{}}],"line":52}},"s":{"0":0,"1":0,"2":0,"3":0,"4":0,"5":0,"6":0,"7":0,"8":0,"9":0,"10":0,"11":0,"12":0,"13":0,"14":0,"15":0,"16":0,"17":0,"18":0,"19":0},"f":{"0":0,"1":0,"2":0,"3":0,"4":0,"5":0},"b":{"0":[0,0]}}
,"C:\\Users\\asus\\Desktop\\BackEnd_Stackoverflow\\services\\folderService.js": {"path":"C:\\Users\\asus\\Desktop\\BackEnd_Stackoverflow\\services\\folderService.js","statementMap":{"0":{"start":{"line":1,"column":15},"end":{"line":1,"column":48}},"1":{"start":{"line":3,"column":0},"end":{"line":8,"column":2}},"2":{"start":{"line":4,"column":19},"end":{"line":4,"column":63}},"3":{"start":{"line":5,"column":4},"end":{"line":5,"column":49}},"4":{"start":{"line":5,"column":16},"end":{"line":5,"column":49}},"5":{"start":{"line":7,"column":4},"end":{"line":7,"column":55}},"6":{"start":{"line":10,"column":0},"end":{"line":12,"column":2}},"7":{"start":{"line":11,"column":4},"end":{"line":11,"column":69}},"8":{"start":{"line":14,"column":0},"end":{"line":16,"column":2}},"9":{"start":{"line":15,"column":4},"end":{"line":15,"column":78}},"10":{"start":{"line":18,"column":0},"end":{"line":28,"column":2}},"11":{"start":{"line":19,"column":19},"end":{"line":19,"column":50}},"12":{"start":{"line":20,"column":4},"end":{"line":20,"column":46}},"13":{"start":{"line":20,"column":17},"end":{"line":20,"column":46}},"14":{"start":{"line":22,"column":4},"end":{"line":25,"column":5}},"15":{"start":{"line":23,"column":8},"end":{"line":23,"column":42}},"16":{"start":{"line":24,"column":8},"end":{"line":24,"column":28}},"17":{"start":{"line":27,"column":4},"end":{"line":27,"column":18}},"18":{"start":{"line":30,"column":0},"end":{"line":38,"column":2}},"19":{"start":{"line":31,"column":19},"end":{"line":31,"column":50}},"20":{"start":{"line":32,"column":4},"end":{"line":32,"column":46}},"21":{"start":{"line":32,"column":17},"end":{"line":32,"column":46}},"22":{"start":{"line":34,"column":4},"end":{"line":34,"column":85}},"23":{"start":{"line":34,"column":54},"end":{"line":34,"column":83}},"24":{"start":{"line":35,"column":4},"end":{"line":35,"column":24}},"25":{"start":{"line":37,"column":4},"end":{"line":37,"column":18}},"26":{"start":{"line":40,"column":0},"end":{"line":42,"column":2}},"27":{"start":{"line":41,"column":4},"end":{"line":41,"column":52}}},"fnMap":{"0":{"name":"(anonymous_0)","decl":{"start":{"line":3,"column":23},"end":{"line":3,"column":24}},"loc":{"start":{"line":3,"column":47},"end":{"line":8,"column":1}},"line":3},"1":{"name":"(anonymous_1)","decl":{"start":{"line":10,"column":27},"end":{"line":10,"column":28}},"loc":{"start":{"line":10,"column":45},"end":{"line":12,"column":1}},"line":10},"2":{"name":"(anonymous_2)","decl":{"start":{"line":14,"column":27},"end":{"line":14,"column":28}},"loc":{"start":{"line":14,"column":51},"end":{"line":16,"column":1}},"line":14},"3":{"name":"(anonymous_3)","decl":{"start":{"line":18,"column":30},"end":{"line":18,"column":31}},"loc":{"start":{"line":18,"column":62},"end":{"line":28,"column":1}},"line":18},"4":{"name":"(anonymous_4)","decl":{"start":{"line":30,"column":35},"end":{"line":30,"column":36}},"loc":{"start":{"line":30,"column":67},"end":{"line":38,"column":1}},"line":30},"5":{"name":"(anonymous_5)","decl":{"start":{"line":34,"column":47},"end":{"line":34,"column":48}},"loc":{"start":{"line":34,"column":54},"end":{"line":34,"column":83}},"line":34},"6":{"name":"(anonymous_6)","decl":{"start":{"line":40,"column":23},"end":{"line":40,"column":24}},"loc":{"start":{"line":40,"column":43},"end":{"line":42,"column":1}},"line":40}},"branchMap":{"0":{"loc":{"start":{"line":5,"column":4},"end":{"line":5,"column":49}},"type":"if","locations":[{"start":{"line":5,"column":4},"end":{"line":5,"column":49}},{"start":{},"end":{}}],"line":5},"1":{"loc":{"start":{"line":20,"column":4},"end":{"line":20,"column":46}},"type":"if","locations":[{"start":{"line":20,"column":4},"end":{"line":20,"column":46}},{"start":{},"end":{}}],"line":20},"2":{"loc":{"start":{"line":22,"column":4},"end":{"line":25,"column":5}},"type":"if","locations":[{"start":{"line":22,"column":4},"end":{"line":25,"column":5}},{"start":{},"end":{}}],"line":22},"3":{"loc":{"start":{"line":32,"column":4},"end":{"line":32,"column":46}},"type":"if","locations":[{"start":{"line":32,"column":4},"end":{"line":32,"column":46}},{"start":{},"end":{}}],"line":32}},"s":{"0":0,"1":0,"2":0,"3":0,"4":0,"5":0,"6":0,"7":0,"8":0,"9":0,"10":0,"11":0,"12":0,"13":0,"14":0,"15":0,"16":0,"17":0,"18":0,"19":0,"20":0,"21":0,"22":0,"23":0,"24":0,"25":0,"26":0,"27":0},"f":{"0":0,"1":0,"2":0,"3":0,"4":0,"5":0,"6":0},"b":{"0":[0,0],"1":[0,0],"2":[0,0],"3":[0,0]}}
,"C:\\Users\\asus\\Desktop\\BackEnd_Stackoverflow\\services\\questionService.js": {"path":"C:\\Users\\asus\\Desktop\\BackEnd_Stackoverflow\\services\\questionService.js","statementMap":{"0":{"start":{"line":1,"column":17},"end":{"line":1,"column":46}},"1":{"start":{"line":2,"column":15},"end":{"line":2,"column":42}},"2":{"start":{"line":3,"column":22},"end":{"line":3,"column":48}},"3":{"start":{"line":5,"column":0},"end":{"line":12,"column":2}},"4":{"start":{"line":6,"column":4},"end":{"line":11,"column":7}},"5":{"start":{"line":14,"column":0},"end":{"line":18,"column":2}},"6":{"start":{"line":15,"column":4},"end":{"line":17,"column":33}},"7":{"start":{"line":20,"column":0},"end":{"line":24,"column":2}},"8":{"start":{"line":21,"column":4},"end":{"line":23,"column":26}},"9":{"start":{"line":26,"column":0},"end":{"line":32,"column":2}},"10":{"start":{"line":27,"column":4},"end":{"line":31,"column":6}},"11":{"start":{"line":34,"column":0},"end":{"line":40,"column":2}},"12":{"start":{"line":35,"column":4},"end":{"line":39,"column":6}},"13":{"start":{"line":42,"column":0},"end":{"line":60,"column":2}},"14":{"start":{"line":43,"column":21},"end":{"line":43,"column":56}},"15":{"start":{"line":44,"column":4},"end":{"line":44,"column":57}},"16":{"start":{"line":44,"column":19},"end":{"line":44,"column":57}},"17":{"start":{"line":46,"column":18},"end":{"line":46,"column":50}},"18":{"start":{"line":48,"column":4},"end":{"line":52,"column":5}},"19":{"start":{"line":49,"column":8},"end":{"line":49,"column":38}},"20":{"start":{"line":51,"column":8},"end":{"line":51,"column":42}},"21":{"start":{"line":54,"column":4},"end":{"line":54,"column":26}},"22":{"start":{"line":56,"column":4},"end":{"line":59,"column":6}},"23":{"start":{"line":61,"column":0},"end":{"line":70,"column":2}},"24":{"start":{"line":62,"column":21},"end":{"line":62,"column":48}},"25":{"start":{"line":63,"column":4},"end":{"line":63,"column":48}},"26":{"start":{"line":63,"column":19},"end":{"line":63,"column":48}},"27":{"start":{"line":65,"column":4},"end":{"line":67,"column":5}},"28":{"start":{"line":66,"column":8},"end":{"line":66,"column":37}},"29":{"start":{"line":69,"column":4},"end":{"line":69,"column":69}},"30":{"start":{"line":72,"column":0},"end":{"line":89,"column":2}},"31":{"start":{"line":73,"column":21},"end":{"line":73,"column":48}},"32":{"start":{"line":74,"column":4},"end":{"line":74,"column":48}},"33":{"start":{"line":74,"column":19},"end":{"line":74,"column":48}},"34":{"start":{"line":76,"column":20},"end":{"line":76,"column":70}},"35":{"start":{"line":77,"column":20},"end":{"line":77,"column":41}},"36":{"start":{"line":78,"column":4},"end":{"line":78,"column":59}},"37":{"start":{"line":78,"column":30},"end":{"line":78,"column":59}},"38":{"start":{"line":81,"column":20},"end":{"line":81,"column":55}},"39":{"start":{"line":82,"column":4},"end":{"line":84,"column":5}},"40":{"start":{"line":83,"column":8},"end":{"line":83,"column":57}},"41":{"start":{"line":87,"column":4},"end":{"line":87,"column":31}},"42":{"start":{"line":88,"column":4},"end":{"line":88,"column":29}},"43":{"start":{"line":91,"column":0},"end":{"line":115,"column":2}},"44":{"start":{"line":92,"column":19},"end":{"line":92,"column":21}},"45":{"start":{"line":94,"column":4},"end":{"line":96,"column":5}},"46":{"start":{"line":95,"column":8},"end":{"line":95,"column":52}},"47":{"start":{"line":98,"column":21},"end":{"line":98,"column":38}},"48":{"start":{"line":99,"column":4},"end":{"line":99,"column":55}},"49":{"start":{"line":99,"column":28},"end":{"line":99,"column":55}},"50":{"start":{"line":100,"column":4},"end":{"line":100,"column":62}},"51":{"start":{"line":100,"column":28},"end":{"line":100,"column":62}},"52":{"start":{"line":103,"column":22},"end":{"line":112,"column":6}},"53":{"start":{"line":114,"column":4},"end":{"line":114,"column":21}}},"fnMap":{"0":{"name":"(anonymous_0)","decl":{"start":{"line":5,"column":25},"end":{"line":5,"column":26}},"loc":{"start":{"line":5,"column":69},"end":{"line":12,"column":1}},"line":5},"1":{"name":"(anonymous_1)","decl":{"start":{"line":14,"column":26},"end":{"line":14,"column":27}},"loc":{"start":{"line":14,"column":38},"end":{"line":18,"column":1}},"line":14},"2":{"name":"(anonymous_2)","decl":{"start":{"line":20,"column":26},"end":{"line":20,"column":27}},"loc":{"start":{"line":20,"column":40},"end":{"line":24,"column":1}},"line":20},"3":{"name":"(anonymous_3)","decl":{"start":{"line":26,"column":32},"end":{"line":26,"column":33}},"loc":{"start":{"line":26,"column":54},"end":{"line":32,"column":1}},"line":26},"4":{"name":"(anonymous_4)","decl":{"start":{"line":34,"column":25},"end":{"line":34,"column":26}},"loc":{"start":{"line":34,"column":47},"end":{"line":40,"column":1}},"line":34},"5":{"name":"(anonymous_5)","decl":{"start":{"line":42,"column":23},"end":{"line":42,"column":24}},"loc":{"start":{"line":42,"column":53},"end":{"line":60,"column":1}},"line":42},"6":{"name":"(anonymous_6)","decl":{"start":{"line":61,"column":25},"end":{"line":61,"column":26}},"loc":{"start":{"line":61,"column":53},"end":{"line":70,"column":1}},"line":61},"7":{"name":"(anonymous_7)","decl":{"start":{"line":72,"column":25},"end":{"line":72,"column":26}},"loc":{"start":{"line":72,"column":45},"end":{"line":89,"column":1}},"line":72},"8":{"name":"(anonymous_8)","decl":{"start":{"line":91,"column":26},"end":{"line":91,"column":27}},"loc":{"start":{"line":91,"column":51},"end":{"line":115,"column":1}},"line":91}},"branchMap":{"0":{"loc":{"start":{"line":44,"column":4},"end":{"line":44,"column":57}},"type":"if","locations":[{"start":{"line":44,"column":4},"end":{"line":44,"column":57}},{"start":{},"end":{}}],"line":44},"1":{"loc":{"start":{"line":48,"column":4},"end":{"line":52,"column":5}},"type":"if","locations":[{"start":{"line":48,"column":4},"end":{"line":52,"column":5}},{"start":{"line":50,"column":11},"end":{"line":52,"column":5}}],"line":48},"2":{"loc":{"start":{"line":63,"column":4},"end":{"line":63,"column":48}},"type":"if","locations":[{"start":{"line":63,"column":4},"end":{"line":63,"column":48}},{"start":{},"end":{}}],"line":63},"3":{"loc":{"start":{"line":65,"column":4},"end":{"line":67,"column":5}},"type":"if","locations":[{"start":{"line":65,"column":4},"end":{"line":67,"column":5}},{"start":{},"end":{}}],"line":65},"4":{"loc":{"start":{"line":74,"column":4},"end":{"line":74,"column":48}},"type":"if","locations":[{"start":{"line":74,"column":4},"end":{"line":74,"column":48}},{"start":{},"end":{}}],"line":74},"5":{"loc":{"start":{"line":78,"column":4},"end":{"line":78,"column":59}},"type":"if","locations":[{"start":{"line":78,"column":4},"end":{"line":78,"column":59}},{"start":{},"end":{}}],"line":78},"6":{"loc":{"start":{"line":78,"column":8},"end":{"line":78,"column":28}},"type":"binary-expr","locations":[{"start":{"line":78,"column":8},"end":{"line":78,"column":16}},{"start":{"line":78,"column":20},"end":{"line":78,"column":28}}],"line":78},"7":{"loc":{"start":{"line":94,"column":4},"end":{"line":96,"column":5}},"type":"if","locations":[{"start":{"line":94,"column":4},"end":{"line":96,"column":5}},{"start":{},"end":{}}],"line":94},"8":{"loc":{"start":{"line":99,"column":4},"end":{"line":99,"column":55}},"type":"if","locations":[{"start":{"line":99,"column":4},"end":{"line":99,"column":55}},{"start":{},"end":{}}],"line":99},"9":{"loc":{"start":{"line":100,"column":4},"end":{"line":100,"column":62}},"type":"if","locations":[{"start":{"line":100,"column":4},"end":{"line":100,"column":62}},{"start":{},"end":{}}],"line":100}},"s":{"0":0,"1":0,"2":0,"3":0,"4":0,"5":0,"6":0,"7":0,"8":0,"9":0,"10":0,"11":0,"12":0,"13":0,"14":0,"15":0,"16":0,"17":0,"18":0,"19":0,"20":0,"21":0,"22":0,"23":0,"24":0,"25":0,"26":0,"27":0,"28":0,"29":0,"30":0,"31":0,"32":0,"33":0,"34":0,"35":0,"36":0,"37":0,"38":0,"39":0,"40":0,"41":0,"42":0,"43":0,"44":0,"45":0,"46":0,"47":0,"48":0,"49":0,"50":0,"51":0,"52":0,"53":0},"f":{"0":0,"1":0,"2":0,"3":0,"4":0,"5":0,"6":0,"7":0,"8":0},"b":{"0":[0,0],"1":[0,0],"2":[0,0],"3":[0,0],"4":[0,0],"5":[0,0],"6":[0,0],"7":[0,0],"8":[0,0],"9":[0,0]}}
,"C:\\Users\\asus\\Desktop\\BackEnd_Stackoverflow\\services\\userService.js": {"path":"C:\\Users\\asus\\Desktop\\BackEnd_Stackoverflow\\services\\userService.js","statementMap":{"0":{"start":{"line":3,"column":13},"end":{"line":3,"column":38}},"1":{"start":{"line":4,"column":15},"end":{"line":4,"column":32}},"2":{"start":{"line":5,"column":19},"end":{"line":5,"column":49}},"3":{"start":{"line":6,"column":11},"end":{"line":6,"column":24}},"4":{"start":{"line":8,"column":0},"end":{"line":10,"column":2}},"5":{"start":{"line":9,"column":4},"end":{"line":9,"column":49}},"6":{"start":{"line":12,"column":0},"end":{"line":14,"column":2}},"7":{"start":{"line":13,"column":4},"end":{"line":13,"column":43}},"8":{"start":{"line":16,"column":0},"end":{"line":26,"column":2}},"9":{"start":{"line":17,"column":27},"end":{"line":17,"column":58}},"10":{"start":{"line":18,"column":17},"end":{"line":24,"column":6}},"11":{"start":{"line":25,"column":4},"end":{"line":25,"column":29}},"12":{"start":{"line":28,"column":0},"end":{"line":30,"column":2}},"13":{"start":{"line":29,"column":4},"end":{"line":29,"column":83}},"14":{"start":{"line":32,"column":0},"end":{"line":34,"column":2}},"15":{"start":{"line":33,"column":4},"end":{"line":33,"column":38}}},"fnMap":{"0":{"name":"(anonymous_0)","decl":{"start":{"line":8,"column":22},"end":{"line":8,"column":23}},"loc":{"start":{"line":8,"column":36},"end":{"line":10,"column":1}},"line":8},"1":{"name":"(anonymous_1)","decl":{"start":{"line":12,"column":22},"end":{"line":12,"column":23}},"loc":{"start":{"line":12,"column":34},"end":{"line":14,"column":1}},"line":12},"2":{"name":"(anonymous_2)","decl":{"start":{"line":16,"column":21},"end":{"line":16,"column":22}},"loc":{"start":{"line":16,"column":76},"end":{"line":26,"column":1}},"line":16},"3":{"name":"(anonymous_3)","decl":{"start":{"line":28,"column":21},"end":{"line":28,"column":22}},"loc":{"start":{"line":28,"column":45},"end":{"line":30,"column":1}},"line":28},"4":{"name":"(anonymous_4)","decl":{"start":{"line":32,"column":21},"end":{"line":32,"column":22}},"loc":{"start":{"line":32,"column":35},"end":{"line":34,"column":1}},"line":32}},"branchMap":{"0":{"loc":{"start":{"line":22,"column":14},"end":{"line":22,"column":28}},"type":"binary-expr","locations":[{"start":{"line":22,"column":14},"end":{"line":22,"column":18}},{"start":{"line":22,"column":22},"end":{"line":22,"column":28}}],"line":22},"1":{"loc":{"start":{"line":23,"column":16},"end":{"line":23,"column":30}},"type":"binary-expr","locations":[{"start":{"line":23,"column":16},"end":{"line":23,"column":22}},{"start":{"line":23,"column":26},"end":{"line":23,"column":30}}],"line":23}},"s":{"0":1,"1":1,"2":1,"3":1,"4":1,"5":0,"6":1,"7":1,"8":1,"9":1,"10":1,"11":1,"12":1,"13":1,"14":1,"15":1},"f":{"0":0,"1":1,"2":1,"3":1,"4":1},"b":{"0":[1,0],"1":[1,1]},"_coverageSchema":"1a1c01bbd47fc00a2c39e90264f33305004495a9","hash":"ff7ebeab02b28bc1a2fb86a5b0df5a09ec0a2b05"}
}
